Namespace(epoch=70, data='memetracker', batch_size=16, dropout=0.15, smooth=0.1, seed=2023, warmup=10, n_warmup_steps=1000, lr=0.001, l2=1e-05, norm=True, time_encoder_type='Interval', time_encoder_type_gru='Interval', d_model=64, time_dim=8, pos_dim=8, heads=1, time_interval=10000, graph_type='social+diffusion+item', save_path='./checkpoints/GRASS_memetracker_1676587696.pt', save_mode='best', notes='GRASS', export_log=True, d_word_vec=64, transformer_dim=80)
Init_every_seed with 2023
load graph!

[ Epoch 0 ]
  - (Training)   loss:  7.23481, accuracy: 7.178 %, predected:3.578 %elapse: 7.071 min
  - ( Validation )) 
hits@10 0.1770122314352467
map@10 0.11116619292669504
hits@50 0.3379907462549819
map@50 0.11838005932908505
hits@100 0.4419808511612992
map@100 0.11986797866518392
Validation use time:  0.5409372528394063 min
MRR: 0
  - (Test) 
hits@10 0.1804348847038933
map@10 0.11290207155045368
hits@50 0.3400648100314657
map@50 0.12008044415009761
hits@100 0.44521673789508287
map@100 0.12158369320169381
Best Validation at Epoch:0
MRR: 0

[ Epoch 1 ]
  - (Training)   loss:  6.25808, accuracy: 10.260 %, predected:10.791 %elapse: 6.452 min
  - ( Validation )) 
hits@10 0.27051170461312934
map@10 0.15694865284058562
hits@50 0.4608090155297998
map@50 0.16571867707295038
hits@100 0.5587063081222228
map@100 0.16711255226737515
Validation use time:  0.5362438837687175 min
MRR: 0
  - (Test) 
hits@10 0.2805616869393697
map@10 0.16387168746864425
hits@50 0.46705490067158223
map@50 0.1724349703954659
hits@100 0.5669938477433899
map@100 0.1738680564542272
Best Validation at Epoch:1
MRR: 0

[ Epoch 2 ]
  - (Training)   loss:  5.83683, accuracy: 12.237 %, predected:16.579 %elapse: 6.963 min
  - ( Validation )) 
hits@10 0.2717485913234688
map@10 0.15474536203841258
hits@50 0.46135874295661733
map@50 0.16340259427755113
hits@100 0.5627834532044528
map@100 0.1648581455867191
Validation use time:  0.539388116200765 min
MRR: 0
  - (Test) 
hits@10 0.2776968956934204
map@10 0.16004801488528536
hits@50 0.46982576433569717
map@50 0.16884055755711005
hits@100 0.5697177476165877
map@100 0.17027248178352714

[ Epoch 3 ]
  - (Training)   loss:  5.62409, accuracy: 13.368 %, predected:19.497 %elapse: 6.836 min
  - ( Validation )) 
hits@10 0.30926748820376565
map@10 0.18061349144541233
hits@50 0.5029547849191442
map@50 0.18962668353063353
hits@100 0.5987447890420999
map@100 0.1909994795875577
Validation use time:  0.5425935784975687 min
MRR: 0
  - (Test) 
hits@10 0.3129667026722397
map@10 0.18437639540231934
hits@50 0.5044850420325929
map@50 0.1933286220735294
hits@100 0.6004320668764382
map@100 0.19470673256986612
Best Validation at Epoch:3
MRR: 0

[ Epoch 4 ]
  - (Training)   loss:  5.45177, accuracy: 14.298 %, predected:20.985 %elapse: 6.557 min
  - ( Validation )) 
hits@10 0.33125658527646706
map@10 0.19308397813597314
hits@50 0.5224242979522653
map@50 0.20197174524444608
hits@100 0.6157863392734436
map@100 0.20330542536260807
Validation use time:  0.5432090361913046 min
MRR: 0
  - (Test) 
hits@10 0.3342882637486498
map@10 0.19785511521410643
hits@50 0.5283426478185319
map@50 0.2069603466158441
hits@100 0.620062931479829
map@100 0.20827417531994002
Best Validation at Epoch:4
MRR: 0

[ Epoch 5 ]
  - (Training)   loss:  5.34638, accuracy: 14.969 %, predected:22.106 %elapse: 7.169 min
  - ( Validation )) 
hits@10 0.3411058683402813
map@10 0.19902594262619913
hits@50 0.5336478995831234
map@50 0.2080625239766163
hits@100 0.6227953639653672
map@100 0.209345418867418
Validation use time:  0.5394476175308227 min
MRR: 0
  - (Test) 
hits@10 0.348236509651059
map@10 0.20663296455575603
hits@50 0.536702202601794
map@50 0.2154430069400661
hits@100 0.6284694500540083
map@100 0.21675590826655314
Best Validation at Epoch:5
MRR: 0

[ Epoch 6 ]
  - (Training)   loss:  5.25354, accuracy: 15.567 %, predected:23.421 %elapse: 6.151 min
  - ( Validation )) 
hits@10 0.35489486462962117
map@10 0.20779822167540338
hits@50 0.5398781437537221
map@50 0.21639417589634627
hits@100 0.6320032983645609
map@100 0.2177149636024046
Validation use time:  0.5403591434160868 min
MRR: 0
  - (Test) 
hits@10 0.3556567886159771
map@10 0.21378035034988035
hits@50 0.5467524538580755
map@50 0.22277422356675072
hits@100 0.6356079462734232
map@100 0.22403512413527318
Best Validation at Epoch:6
MRR: 0

[ Epoch 7 ]
  - (Training)   loss:  5.18644, accuracy: 16.104 %, predected:24.497 %elapse: 7.251 min
  - ( Validation )) 
hits@10 0.357460259288103
map@10 0.21052798919741977
hits@50 0.5479866232992808
map@50 0.21945079060265185
hits@100 0.6364011177791012
map@100 0.22070914129829203
Validation use time:  0.5426938851674398 min
MRR: 0
  - (Test) 
hits@10 0.3628892124172263
map@10 0.2174435446778471
hits@50 0.5520123984408022
map@50 0.22629632180904063
hits@100 0.642511623538252
map@100 0.22759300263688925
Best Validation at Epoch:7
MRR: 0

[ Epoch 8 ]
  - (Training)   loss:  5.12917, accuracy: 16.540 %, predected:25.243 %elapse: 6.015 min
  - ( Validation )) 
hits@10 0.36602684502267624
map@10 0.2162924738970366
hits@50 0.5533922763296533
map@50 0.2250471111008898
hits@100 0.639653671721105
map@100 0.22627844980736395
Validation use time:  0.5400355736414592 min
MRR: 0
  - (Test) 
hits@10 0.36838397595453903
map@10 0.22263035992900274
hits@50 0.5598083877330579
map@50 0.23160563886371238
hits@100 0.6474428215845583
map@100 0.23285393517084757
Best Validation at Epoch:8
MRR: 0
Epoch 00009: reducing learning rate of group 0 to 6.6192e-04.

[ Epoch 9 ]
  - (Training)   loss:  5.07225, accuracy: 16.848 %, predected:25.881 %elapse: 7.368 min
  - ( Validation )) 
hits@10 0.3682257547299464
map@10 0.2162315021447368
hits@50 0.5554995647991204
map@50 0.22502560905554098
hits@100 0.6421732557606853
map@100 0.22626668291057156
Validation use time:  0.544788908958435 min
MRR: 0
  - (Test) 
hits@10 0.3708260930822336
map@10 0.22255590741125894
hits@50 0.5613112290424083
map@50 0.23147012070451506
hits@100 0.6498849387122528
map@100 0.23274307198893737
Best Validation at Epoch:9
MRR: 0

[ Epoch 10 ]
  - (Training)   loss:  5.01985, accuracy: 17.371 %, predected:26.738 %elapse: 5.786 min
  - ( Validation )) 
hits@10 0.3761509917998992
map@10 0.2250831317302526
hits@50 0.56081359659169
map@50 0.23378234612884938
hits@100 0.6465710751752256
map@100 0.235010093202136
Validation use time:  0.5412157297134399 min
MRR: 0
  - (Test) 
hits@10 0.3793735030291645
map@10 0.22960906744074924
hits@50 0.5656788615977082
map@50 0.23834166056486014
hits@100 0.6517165265580238
map@100 0.23957936260482973
Best Validation at Epoch:10
MRR: 0

[ Epoch 11 ]
  - (Training)   loss:  4.97375, accuracy: 17.710 %, predected:27.218 %elapse: 7.178 min
  - ( Validation )) 
hits@10 0.3760593705620963
map@10 0.22680735616738176
hits@50 0.5634248018690733
map@50 0.23566151131359736
hits@100 0.6469375601264373
map@100 0.23686309644496395
Validation use time:  0.5447866519292196 min
MRR: 0
  - (Test) 
hits@10 0.3792326116564129
map@10 0.22968931588665775
hits@50 0.5676513408162307
map@50 0.23860387528201302
hits@100 0.6541116798948011
map@100 0.23984154689436865
Best Validation at Epoch:11
MRR: 0

[ Epoch 12 ]
  - (Training)   loss:  4.93683, accuracy: 18.021 %, predected:27.639 %elapse: 5.523 min
  - ( Validation )) 
hits@10 0.38022813688212925
map@10 0.22813250103437463
hits@50 0.5629666956800586
map@50 0.2367378242178595
hits@100 0.6481286362178753
map@100 0.2379566667996507
Validation use time:  0.543428921699524 min
MRR: 0
  - (Test) 
hits@10 0.3809233081294322
map@10 0.23126551016467894
hits@50 0.5683088338890715
map@50 0.24007158248880237
hits@100 0.6557554125769032
map@100 0.24131618229888382
Best Validation at Epoch:12
MRR: 0

[ Epoch 13 ]
  - (Training)   loss:  4.90045, accuracy: 18.299 %, predected:28.156 %elapse: 7.206 min
  - ( Validation )) 
hits@10 0.3832516377296257
map@10 0.2294828780993974
hits@50 0.5664483027165697
map@50 0.23811551532443648
hits@100 0.6528471299647258
map@100 0.23935426292401904
Validation use time:  0.5424171447753906 min
MRR: 0
  - (Test) 
hits@10 0.38449255623913964
map@10 0.23168538881918865
hits@50 0.572347719907951
map@50 0.2405099341535572
hits@100 0.6580566383318461
map@100 0.2417372885787458
Best Validation at Epoch:13
MRR: 0

[ Epoch 14 ]
  - (Training)   loss:  4.87039, accuracy: 18.518 %, predected:28.480 %elapse: 5.667 min
  - ( Validation )) 
hits@10 0.3899399880892391
map@10 0.23470014404894596
hits@50 0.5708003115122086
map@50 0.24319653153821422
hits@100 0.6574740024737734
map@100 0.2444273271224444
Validation use time:  0.5439518849054973 min
MRR: 0
  - (Test) 
hits@10 0.39181890762222327
map@10 0.23858004605433328
hits@50 0.5750246559902316
map@50 0.24720095607260448
hits@100 0.6635044380782417
map@100 0.2484643356089109
Best Validation at Epoch:14
MRR: 0

[ Epoch 15 ]
  - (Training)   loss:  4.84651, accuracy: 18.689 %, predected:28.948 %elapse: 7.229 min
  - ( Validation )) 
hits@10 0.38856566952219523
map@10 0.23535634480707554
hits@50 0.5727243575060699
map@50 0.24412753069642054
hits@100 0.6577030555682807
map@100 0.2453403025991503
Validation use time:  0.5426841497421264 min
MRR: 0
  - (Test) 
hits@10 0.39257032827689853
map@10 0.2401412939195309
hits@50 0.5779364110270981
map@50 0.248946391152762
hits@100 0.6620955243507256
map@100 0.2501426571631467
Best Validation at Epoch:15
MRR: 0

[ Epoch 16 ]
  - (Training)   loss:  4.81078, accuracy: 18.924 %, predected:29.099 %elapse: 5.793 min
  - ( Validation )) 
hits@10 0.3923221402721151
map@10 0.23543522269414427
hits@50 0.5712126070823217
map@50 0.2438796995773881
hits@100 0.6581611617572953
map@100 0.24512739887666116
Validation use time:  0.5372276584307353 min
MRR: 0
  - (Test) 
hits@10 0.39257032827689853
map@10 0.2389164335249902
hits@50 0.5775137369088433
map@50 0.247677946103556
hits@100 0.6643497863147513
map@100 0.248913476321959
Epoch 00017: reducing learning rate of group 0 to 4.8162e-04.

[ Epoch 17 ]
  - (Training)   loss:  4.79189, accuracy: 19.103 %, predected:29.422 %elapse: 7.218 min
  - ( Validation )) 
hits@10 0.39126849603738145
map@10 0.2373260741681191
hits@50 0.5722662513170553
map@50 0.2459225011488064
hits@100 0.6572907599981676
map@100 0.2471483577340219
Validation use time:  0.5427070021629333 min
MRR: 0
  - (Test) 
hits@10 0.3953881557319307
map@10 0.2418832219247848
hits@50 0.5786878316817734
map@50 0.25056568287152997
hits@100 0.6643967501056686
map@100 0.2517908319558699
Best Validation at Epoch:17
MRR: 0

[ Epoch 18 ]
  - (Training)   loss:  4.76846, accuracy: 19.206 %, predected:29.780 %elapse: 6.230 min
  - ( Validation )) 
hits@10 0.39035228365935226
map@10 0.23571408574729827
hits@50 0.5762517751614824
map@50 0.24464901834267486
hits@100 0.659123184754226
map@100 0.24583578314468163
Validation use time:  0.5392075459162394 min
MRR: 0
  - (Test) 
hits@10 0.3954820833137651
map@10 0.24035231415943378
hits@50 0.5818813694641431
map@50 0.2491536431026073
hits@100 0.6659465552059363
map@100 0.25035388214270404
Best Validation at Epoch:18
MRR: 0

[ Epoch 19 ]
  - (Training)   loss:  4.74854, accuracy: 19.430 %, predected:30.076 %elapse: 7.003 min
  - ( Validation )) 
hits@10 0.3953456411196115
map@10 0.24060640534253616
hits@50 0.5751065096889459
map@50 0.2491678863278858
hits@100 0.6594438590865362
map@100 0.25038057768798877
Validation use time:  0.5413885911305746 min
MRR: 0
  - (Test) 
hits@10 0.39721974357770157
map@10 0.2449306874082622
hits@50 0.5817404780913915
map@50 0.25360791462993504
hits@100 0.6660404827877706
map@100 0.2548158750814111
Best Validation at Epoch:19
MRR: 0

[ Epoch 20 ]
  - (Training)   loss:  4.72172, accuracy: 19.634 %, predected:30.355 %elapse: 6.665 min
  - ( Validation )) 
hits@10 0.39713225525676854
map@10 0.2410330258204646
hits@50 0.5765724494937927
map@50 0.24946629314936125
hits@100 0.6625589811718356
map@100 0.2506943768621146
Validation use time:  0.539821473757426 min
MRR: 0
  - (Test) 
hits@10 0.40135255717841545
map@10 0.24425660791720055
hits@50 0.5823510073733151
map@50 0.25270777955929125
hits@100 0.6683886723336308
map@100 0.2539350232891794
Best Validation at Epoch:20
MRR: 0

[ Epoch 21 ]
  - (Training)   loss:  4.70983, accuracy: 19.699 %, predected:30.382 %elapse: 6.814 min
  - ( Validation )) 
hits@10 0.39873562691831965
map@10 0.24119930745978663
hits@50 0.5790004122955701
map@50 0.24975766586117065
hits@100 0.6623299280773284
map@100 0.25095443613918816
Validation use time:  0.5391116182009379 min
MRR: 0
  - (Test) 
hits@10 0.39999060724181656
map@10 0.2434393447731164
hits@50 0.5845113417555065
map@50 0.2521698890384449
hits@100 0.6692340205701405
map@100 0.25337379267087135

[ Epoch 22 ]
  - (Training)   loss:  4.69110, accuracy: 19.815 %, predected:30.666 %elapse: 6.759 min
  - ( Validation )) 
hits@10 0.39772779330248753
map@10 0.24176248721120214
hits@50 0.5768931238261029
map@50 0.2502427646486808
hits@100 0.6613220944614961
map@100 0.25144869052678037
Validation use time:  0.5346088488896688 min
MRR: 0
  - (Test) 
hits@10 0.39970882449631334
map@10 0.24380381733619882
hits@50 0.5843704503827549
map@50 0.2524330742304437
hits@100 0.6683417085427136
map@100 0.2536355827589274

[ Epoch 23 ]
  - (Training)   loss:  4.67104, accuracy: 20.011 %, predected:30.973 %elapse: 6.445 min
  - ( Validation )) 
hits@10 0.3998808923908562
map@10 0.2436326693702203
hits@50 0.5782216317742452
map@50 0.2521258894724132
hits@100 0.6620550643639196
map@100 0.2533257703027819
Validation use time:  0.5383972764015198 min
MRR: 0
  - (Test) 
hits@10 0.40177523129667025
map@10 0.24629690508617857
hits@50 0.5854506175738505
map@50 0.25501897301902804
hits@100 0.6701732963884844
map@100 0.2562376503536473
Best Validation at Epoch:23
MRR: 0

[ Epoch 24 ]
  - (Training)   loss:  4.65691, accuracy: 20.163 %, predected:31.419 %elapse: 7.068 min
  - ( Validation )) 
hits@10 0.4045077648999038
map@10 0.2459613212945935
hits@50 0.5831233679967016
map@50 0.2544197527978025
hits@100 0.6651701864492189
map@100 0.25560694505661347
Validation use time:  0.5407393336296081 min
MRR: 0
  - (Test) 
hits@10 0.4055323345700465
map@10 0.24968558487437928
hits@50 0.5886441553562204
map@50 0.2583310568377637
hits@100 0.6725214859343446
map@100 0.25954743772183414
Best Validation at Epoch:24
MRR: 0
Epoch 00025: reducing learning rate of group 0 to 3.9715e-04.

[ Epoch 25 ]
  - (Training)   loss:  4.64116, accuracy: 20.240 %, predected:31.420 %elapse: 6.160 min
  - ( Validation )) 
hits@10 0.402537908287141
map@10 0.24790629110685
hits@50 0.5839937697558294
map@50 0.256522746893624
hits@100 0.6664986943973613
map@100 0.25769530092591864
Validation use time:  0.5407037536303202 min
MRR: 0
  - (Test) 
hits@10 0.40464002254261966
map@10 0.2498807455166353
hits@50 0.587845770910628
map@50 0.25857452521530094
hits@100 0.6726623773070962
map@100 0.25979558603520053

[ Epoch 26 ]
  - (Training)   loss:  4.62982, accuracy: 20.361 %, predected:31.588 %elapse: 7.281 min
  - ( Validation )) 
hits@10 0.4058362728480462
map@10 0.2487998345000497
hits@50 0.58683402812772
map@50 0.25734568968114974
hits@100 0.6663154519217555
map@100 0.25848692411045626
Validation use time:  0.5381216367085775 min
MRR: 0
  - (Test) 
hits@10 0.4093833654252571
map@10 0.2518313828450962
hits@50 0.5924482224205138
map@50 0.26036462387376796
hits@100 0.6717231014887521
map@100 0.26149798403271973
Best Validation at Epoch:26
MRR: 0

[ Epoch 27 ]
  - (Training)   loss:  4.60667, accuracy: 20.570 %, predected:31.993 %elapse: 5.862 min
  - ( Validation )) 
hits@10 0.4043703330431994
map@10 0.2485041015046971
hits@50 0.5839937697558294
map@50 0.2570373020312296
hits@100 0.6666819368729672
map@100 0.2582188319085955
Validation use time:  0.5408911307652792 min
MRR: 0
  - (Test) 
hits@10 0.4073169586249002
map@10 0.25090550661630356
hits@50 0.5884563001925516
map@50 0.2595266333102007
hits@100 0.6746818203165359
map@100 0.26075598625071633

[ Epoch 28 ]
  - (Training)   loss:  4.58887, accuracy: 20.669 %, predected:31.969 %elapse: 7.227 min
  - ( Validation )) 
hits@10 0.4077145082230061
map@10 0.2512440309854301
hits@50 0.5865591644143112
map@50 0.2597213704385676
hits@100 0.6664986943973613
map@100 0.26087415312825496
Validation use time:  0.5411617437998454 min
MRR: 0
  - (Test) 
hits@10 0.40975907575259474
map@10 0.25318088364981717
hits@50 0.5908514535293289
map@50 0.2617376419271889
hits@100 0.6741652186164467
map@100 0.26292844608692306
Best Validation at Epoch:28
MRR: 0

[ Epoch 29 ]
  - (Training)   loss:  4.57101, accuracy: 20.921 %, predected:32.300 %elapse: 5.701 min
  - ( Validation )) 
hits@10 0.40931787988455726
map@10 0.25262614826497737
hits@50 0.5866965962710157
map@50 0.2609975569687914
hits@100 0.6649411333547116
map@100 0.26211109245606873
Validation use time:  0.5411335666974385 min
MRR: 0
  - (Test) 
hits@10 0.4116376273892829
map@10 0.2541604327825151
hits@50 0.5937162447752783
map@50 0.2627398174752348
hits@100 0.6745878927347015
map@100 0.2638927893166945
Best Validation at Epoch:29
MRR: 0

[ Epoch 30 ]
  - (Training)   loss:  4.56278, accuracy: 20.944 %, predected:32.473 %elapse: 7.314 min
  - ( Validation )) 
hits@10 0.4076686976041046
map@10 0.25244935926941503
hits@50 0.5859178157496908
map@50 0.260876221912673
hits@100 0.6682853085345183
map@100 0.2620553068091197
Validation use time:  0.5403267780939738 min
MRR: 0
  - (Test) 
hits@10 0.40839712581599585
map@10 0.2534974046914591
hits@50 0.589959141501902
map@50 0.26212475472926605
hits@100 0.6713943549523318
map@100 0.2632854229088293

[ Epoch 31 ]
  - (Training)   loss:  4.54977, accuracy: 21.031 %, predected:32.662 %elapse: 5.554 min
  - ( Validation )) 
hits@10 0.4074396445095973
map@10 0.2506704529506765
hits@50 0.5859636263685922
map@50 0.25911531061851933
hits@100 0.6648495121169087
map@100 0.26024765641961906
Validation use time:  0.5416059732437134 min
MRR: 0
  - (Test) 
hits@10 0.4092894378434227
map@10 0.25418902105841473
hits@50 0.5909923449020805
map@50 0.26280510684695396
hits@100 0.6727563048889307
map@100 0.26397118544954185

[ Epoch 32 ]
  - (Training)   loss:  4.55235, accuracy: 21.136 %, predected:32.820 %elapse: 7.267 min
  - ( Validation )) 
hits@10 0.4100966604058821
map@10 0.2542115047188574
hits@50 0.5907279307343443
map@50 0.26276186440481075
hits@100 0.666956800586376
map@100 0.26385437124950667
Validation use time:  0.5417721668879191 min
MRR: 0
  - (Test) 
hits@10 0.41332832386230217
map@10 0.2559088649000826
hits@50 0.5936223171934438
map@50 0.26445774264279215
hits@100 0.6763255529986381
map@100 0.26564695711398384
Best Validation at Epoch:32
MRR: 0
Epoch 00033: reducing learning rate of group 0 to 3.4568e-04.

[ Epoch 33 ]
  - (Training)   loss:  4.52060, accuracy: 21.355 %, predected:32.845 %elapse: 5.600 min
  - ( Validation )) 
hits@10 0.4102799028814879
map@10 0.25451332761791334
hits@50 0.5895826652618077
map@50 0.2630257669263546
hits@100 0.6678730129644052
map@100 0.26414696125448217
Validation use time:  0.5401878158251444 min
MRR: 0
  - (Test) 
hits@10 0.41459634621706665
map@10 0.25723971064341133
hits@50 0.5935283896116095
map@50 0.26579531688435815
hits@100 0.6750105668529564
map@100 0.26696718727637175
Best Validation at Epoch:33
MRR: 0

[ Epoch 34 ]
  - (Training)   loss:  4.51046, accuracy: 21.377 %, predected:32.896 %elapse: 7.079 min
  - ( Validation )) 
hits@10 0.4085390993632324
map@10 0.2556519760010529
hits@50 0.5887122635026799
map@50 0.26424536425215067
hits@100 0.6691098996747447
map@100 0.2653912287351898
Validation use time:  0.5438869635264079 min
MRR: 0
  - (Test) 
hits@10 0.4130935049077161
map@10 0.2561929771987069
hits@50 0.5932466068661062
map@50 0.264702580531604
hits@100 0.6757150237167144
map@100 0.2658839268371205

[ Epoch 35 ]
  - (Training)   loss:  4.49682, accuracy: 21.453 %, predected:33.124 %elapse: 5.739 min
  - ( Validation )) 
hits@10 0.4116084108296303
map@10 0.25642630271220673
hits@50 0.5896284758807091
map@50 0.2649066785492581
hits@100 0.6694305740070549
map@100 0.26605405546430216
Validation use time:  0.5390979091326396 min
MRR: 0
  - (Test) 
hits@10 0.4146433100079838
map@10 0.2577767005924147
hits@50 0.5960644343211384
map@50 0.2663654302026981
hits@100 0.6757619875076316
map@100 0.2675128098862215
Best Validation at Epoch:35
MRR: 0

[ Epoch 36 ]
  - (Training)   loss:  4.49613, accuracy: 21.570 %, predected:33.189 %elapse: 7.252 min
  - ( Validation )) 
hits@10 0.4135782674423931
map@10 0.2570563805102722
hits@50 0.5923771130147968
map@50 0.26548889189458413
hits@100 0.6709881350497046
map@100 0.2666223707464515
Validation use time:  0.539883561929067 min
MRR: 0
  - (Test) 
hits@10 0.41417367209881184
map@10 0.2564381952784244
hits@50 0.5972385290940685
map@50 0.26506457595366567
hits@100 0.6758089512985488
map@100 0.26619500757362874

[ Epoch 37 ]
  - (Training)   loss:  4.48655, accuracy: 21.640 %, predected:33.393 %elapse: 6.054 min
  - ( Validation )) 
hits@10 0.41417380548811217
map@10 0.25607903277058974
hits@50 0.5927435979660085
map@50 0.26451732287805496
hits@100 0.6697512483393651
map@100 0.26561635612780876
Validation use time:  0.5384085933367412 min
MRR: 0
  - (Test) 
hits@10 0.41638097027192034
map@10 0.25772863725242445
hits@50 0.595970506739304
map@50 0.26623654419204995
hits@100 0.6774057201897337
map@100 0.26740330604176143
Best Validation at Epoch:37
MRR: 0

[ Epoch 38 ]
  - (Training)   loss:  4.46812, accuracy: 21.768 %, predected:33.478 %elapse: 7.165 min
  - ( Validation )) 
hits@10 0.4151358284850428
map@10 0.25674390482443993
hits@50 0.5938430528196436
map@50 0.2651191737925813
hits@100 0.6725915067112557
map@100 0.2662427111142244
Validation use time:  0.5388345201810201 min
MRR: 0
  - (Test) 
hits@10 0.4156765134081623
map@10 0.26021864999228445
hits@50 0.5965340722303104
map@50 0.268840839857545
hits@100 0.6767482271168929
map@100 0.26998608988988393
Best Validation at Epoch:38
MRR: 0

[ Epoch 39 ]
  - (Training)   loss:  4.45531, accuracy: 21.903 %, predected:33.385 %elapse: 6.280 min
  - ( Validation )) 
hits@10 0.4159146090063677
map@10 0.2587308131675715
hits@50 0.5911402263044574
map@50 0.2670130239246698
hits@100 0.6710797562875075
map@100 0.26816433898428693
Validation use time:  0.5342669169108073 min
MRR: 0
  - (Test) 
hits@10 0.41675668059925797
map@10 0.2610341054031469
hits@50 0.595266049875546
map@50 0.2695414171452848
hits@100 0.6762316254168036
map@100 0.27070459510995465
Best Validation at Epoch:39
MRR: 0

[ Epoch 40 ]
  - (Training)   loss:  4.44590, accuracy: 22.070 %, predected:33.941 %elapse: 6.890 min
  - ( Validation )) 
hits@10 0.4160062302441706
map@10 0.2579182018677643
hits@50 0.5917815749690778
map@50 0.2662133140895504
hits@100 0.6714462412387191
map@100 0.26736129595570535
Validation use time:  0.5389615217844645 min
MRR: 0
  - (Test) 
hits@10 0.41708542713567837
map@10 0.2597530002780554
hits@50 0.595970506739304
map@50 0.26829106470415426
hits@100 0.6775466115624853
map@100 0.2694639404737843
Epoch 00041: reducing learning rate of group 0 to 3.1012e-04.

[ Epoch 41 ]
  - (Training)   loss:  4.43619, accuracy: 22.101 %, predected:33.905 %elapse: 6.744 min
  - ( Validation )) 
hits@10 0.4156397452929589
map@10 0.2592794135077337
hits@50 0.5925603554904026
map@50 0.2677436809652455
hits@100 0.6731412341380733
map@100 0.26890347206432086
Validation use time:  0.5375659743944804 min
MRR: 0
  - (Test) 
hits@10 0.4204198562907998
map@10 0.26187809318063404
hits@50 0.5983656600760814
map@50 0.27028015231367386
hits@100 0.6787207063354154
map@100 0.27143826326618925
Best Validation at Epoch:41
MRR: 0

[ Epoch 42 ]
  - (Training)   loss:  4.43035, accuracy: 22.182 %, predected:34.077 %elapse: 6.704 min
  - ( Validation )) 
hits@10 0.41476934353383116
map@10 0.25976064315200326
hits@50 0.5927435979660085
map@50 0.26816924456397867
hits@100 0.6714920518576206
map@100 0.26929790134962084
Validation use time:  0.5378807107607524 min
MRR: 0
  - (Test) 
hits@10 0.41872915981778047
map@10 0.2610264644689103
hits@50 0.5975203118395717
map@50 0.26949019271451075
hits@100 0.6770769736533133
map@100 0.2706268340451006

[ Epoch 43 ]
  - (Training)   loss:  4.41597, accuracy: 22.389 %, predected:34.168 %elapse: 6.882 min
  - ( Validation )) 
hits@10 0.4171973063356086
map@10 0.2599667182217917
hits@50 0.5917815749690778
map@50 0.2682333700458801
hits@100 0.6710797562875075
map@100 0.26937396577715783
Validation use time:  0.5357722123463948 min
MRR: 0
  - (Test) 
hits@10 0.4192927253087869
map@10 0.260744159903508
hits@50 0.598976189358005
map@50 0.26929077815103614
hits@100 0.6784389235899122
map@100 0.27042288085238353

[ Epoch 44 ]
  - (Training)   loss:  4.41408, accuracy: 22.132 %, predected:34.140 %elapse: 6.374 min
  - ( Validation )) 
hits@10 0.4175637912868203
map@10 0.26104564919100615
hits@50 0.5936139997251363
map@50 0.26934573571028375
hits@100 0.6706674607173942
map@100 0.27044905802652613
Validation use time:  0.5364824096361797 min
MRR: 0
  - (Test) 
hits@10 0.4203728924998826
map@10 0.26188985276478827
hits@50 0.5983656600760814
map@50 0.2703033660501853
hits@100 0.6779223218898229
map@100 0.2714331973931103

[ Epoch 45 ]
  - (Training)   loss:  4.40497, accuracy: 22.520 %, predected:34.289 %elapse: 7.162 min
  - ( Validation )) 
hits@10 0.41651014705208667
map@10 0.25938505061346234
hits@50 0.5935681891062349
map@50 0.2678019679917433
hits@100 0.6739658252782995
map@100 0.2689440712698223
Validation use time:  0.5314423282941182 min
MRR: 0
  - (Test) 
hits@10 0.4217818062273987
map@10 0.26126549525553894
hits@50 0.6004790306673554
map@50 0.26972949147022407
hits@100 0.6779223218898229
map@100 0.27083929365038484
Best Validation at Epoch:45
MRR: 0

[ Epoch 46 ]
  - (Training)   loss:  4.39533, accuracy: 22.489 %, predected:34.600 %elapse: 6.054 min
  - ( Validation )) 
hits@10 0.4154106921984516
map@10 0.25958265435451755
hits@50 0.5931100829172202
map@50 0.2679889436085307
hits@100 0.6714004306198177
map@100 0.2691144660958303
Validation use time:  0.5322064717610677 min
MRR: 0
  - (Test) 
hits@10 0.4203728924998826
map@10 0.26242376770367176
hits@50 0.5984595876579157
map@50 0.27089576364633805
hits@100 0.6784389235899122
map@100 0.2720483376702071
Best Validation at Epoch:46
MRR: 0

[ Epoch 47 ]
  - (Training)   loss:  4.38794, accuracy: 22.551 %, predected:34.625 %elapse: 7.231 min
  - ( Validation )) 
hits@10 0.420312428420908
map@10 0.2624435093260968
hits@50 0.5928352192038114
map@50 0.27057544570095665
hits@100 0.6734619084703835
map@100 0.27172768638977446
Validation use time:  0.5363220135370891 min
MRR: 0
  - (Test) 
hits@10 0.42286197341849435
map@10 0.2620829074910229
hits@50 0.5982247687033297
map@50 0.27042029653009103
hits@100 0.6782041046353262
map@100 0.27156603530140305
Best Validation at Epoch:47
MRR: 0

[ Epoch 48 ]
  - (Training)   loss:  4.38066, accuracy: 22.646 %, predected:34.840 %elapse: 5.752 min
  - ( Validation )) 
hits@10 0.4170598744789042
map@10 0.2607956359204699
hits@50 0.5921022493013881
map@50 0.2691116770071457
hits@100 0.6720875899033396
map@100 0.2702655258147131
Validation use time:  0.5376746376355489 min
MRR: 0
  - (Test) 
hits@10 0.4201380735452966
map@10 0.26254883675162644
hits@50 0.5978020945850749
map@50 0.27097622191802617
hits@100 0.6787676701263325
map@100 0.2721291890725547
Epoch 00049: reducing learning rate of group 0 to 2.8368e-04.

[ Epoch 49 ]
  - (Training)   loss:  4.37484, accuracy: 22.623 %, predected:34.644 %elapse: 7.210 min
  - ( Validation )) 
hits@10 0.4183425718081451
map@10 0.2619749684961102
hits@50 0.5937972422007421
map@50 0.2703484964977306
hits@100 0.6735535297081864
map@100 0.2714914480369969
Validation use time:  0.5344614386558533 min
MRR: 0
  - (Test) 
hits@10 0.4205137838726342
map@10 0.26362052436936206
hits@50 0.5993049358944254
map@50 0.2721041902391578
hits@100 0.6799887286901799
map@100 0.2732566575414008
Best Validation at Epoch:49
MRR: 0

[ Epoch 50 ]
  - (Training)   loss:  4.36626, accuracy: 22.733 %, predected:34.740 %elapse: 5.460 min
  - ( Validation )) 
hits@10 0.4188464886160612
map@10 0.26205910006129896
hits@50 0.5943011590086582
map@50 0.2703077566411514
hits@100 0.6732786659947776
map@100 0.2714443020266417
Validation use time:  0.531508986155192 min
MRR: 0
  - (Test) 
hits@10 0.4212652045273094
map@10 0.2628851869494333
hits@50 0.5999154651763491
map@50 0.27135126681155985
hits@100 0.678626778753581
map@100 0.27247719113337115

[ Epoch 51 ]
  - (Training)   loss:  4.35881, accuracy: 22.888 %, predected:35.119 %elapse: 7.114 min
  - ( Validation )) 
hits@10 0.4171514957167071
map@10 0.2621907146965556
hits@50 0.5935681891062349
map@50 0.2706139638731027
hits@100 0.6722708323789455
map@100 0.27175343652972117
Validation use time:  0.5374699155489604 min
MRR: 0
  - (Test) 
hits@10 0.42121824073639225
map@10 0.2630168719282513
hits@50 0.599211008312591
map@50 0.271546945527782
hits@100 0.6778753580989058
map@100 0.27268953769706955

[ Epoch 52 ]
  - (Training)   loss:  4.35191, accuracy: 22.729 %, predected:35.063 %elapse: 5.576 min
  - ( Validation )) 
hits@10 0.4190755417105685
map@10 0.26248364815408654
hits@50 0.5943469696275596
map@50 0.27082395622585226
hits@100 0.6719501580466352
map@100 0.27193799241058453
Validation use time:  0.5360857168833415 min
MRR: 0
  - (Test) 
hits@10 0.4236603578640868
map@10 0.26486075981450047
hits@50 0.6006199220401071
map@50 0.27326319438518276
hits@100 0.6782980322171606
map@100 0.2743754894922461
Best Validation at Epoch:52
MRR: 0

[ Epoch 53 ]
  - (Training)   loss:  4.34339, accuracy: 22.997 %, predected:35.305 %elapse: 7.074 min
  - ( Validation )) 
hits@10 0.41806770809473637
map@10 0.2624164410675473
hits@50 0.5940721059141509
map@50 0.2708006780563224
hits@100 0.6736909615648907
map@100 0.2719511004013335
Validation use time:  0.534364108244578 min
MRR: 0
  - (Test) 
hits@10 0.42319071995491475
map@10 0.26451939641837724
hits@50 0.5978020945850749
map@50 0.2728372895770379
hits@100 0.677452683980651
map@100 0.273982271359153

[ Epoch 54 ]
  - (Training)   loss:  4.33650, accuracy: 22.996 %, predected:35.383 %elapse: 5.652 min
  - ( Validation )) 
hits@10 0.4204956708965138
map@10 0.2634089499406279
hits@50 0.59686655366714
map@50 0.2717790249237348
hits@100 0.6771267579825003
map@100 0.2729210651486759
Validation use time:  0.5244920015335083 min
MRR: 0
  - (Test) 
hits@10 0.4238482130277556
map@10 0.26466604644644376
hits@50 0.6005259944582727
map@50 0.27310059626826855
hits@100 0.679096416662753
map@100 0.2742249567395349
Best Validation at Epoch:54
MRR: 0

[ Epoch 55 ]
