Namespace(epoch=50, data='douban', batch_size=16, dropout=0.15, smooth=0.1, seed=2023, warmup=10, n_warmup_steps=1000, lr=0.001, l2=1e-05, norm=True, time_encoder_type='Interval', time_encoder_type_gru='Interval', d_model=64, time_dim=8, pos_dim=8, heads=1, time_interval=10000, graph_type='social+diffusion+item', save_path='./checkpoints/GRASS_douban_1676587696.pt', save_mode='best', notes='GRASS', export_log=True, d_word_vec=64, transformer_dim=80)
Init_every_seed with 2023
load graph!

[ Epoch 0 ]
  - (Training)   loss:  8.78645, accuracy: 3.248 %, predected:1.580 %elapse: 12.883 min
  - ( Validation )) 
hits@10 0.09580069346346475
map@10 0.050332577596767944
hits@50 0.16020290227301914
map@50 0.053276734939280895
hits@100 0.2083279825349942
map@100 0.05394616485434704
Validation use time:  1.8375465671221416 min
MRR: 0
  - (Test) 
hits@10 0.10545467777737345
map@10 0.0562794178719727
hits@50 0.17601251773952914
map@50 0.05947524524146755
hits@100 0.22779374840799096
map@100 0.06020040095493194
Best Validation at Epoch:0
MRR: 0

[ Epoch 1 ]
  - (Training)   loss:  8.15332, accuracy: 5.029 %, predected:3.521 %elapse: 13.031 min
  - ( Validation )) 
hits@10 0.1103441633491717
map@10 0.06525898628361065
hits@50 0.19246821625786567
map@50 0.06892861078132492
hits@100 0.24961474251958393
map@100 0.06972924321576417
Validation use time:  1.8367637515068054 min
MRR: 0
  - (Test) 
hits@10 0.12368545540555292
map@10 0.07444338166109572
hits@50 0.21342018121611295
map@50 0.07848633565803127
hits@100 0.27182416942614895
map@100 0.07931006304676637
Best Validation at Epoch:1
MRR: 0

[ Epoch 2 ]
  - (Training)   loss:  7.82732, accuracy: 5.843 %, predected:6.428 %elapse: 13.163 min
  - ( Validation )) 
hits@10 0.13047386670091177
map@10 0.07549598078604755
hits@50 0.23112238345961217
map@50 0.07994150258172034
hits@100 0.294497238988057
map@100 0.08082806065290113
Validation use time:  1.8313345432281494 min
MRR: 0
  - (Test) 
hits@10 0.1436992831410793
map@10 0.08483120805543569
hits@50 0.2476620210327135
map@50 0.08951343600078228
hits@100 0.31501764855718495
map@100 0.09046510074989388
Best Validation at Epoch:2
MRR: 0

[ Epoch 3 ]
  - (Training)   loss:  7.58417, accuracy: 6.319 %, predected:8.179 %elapse: 12.736 min
  - ( Validation )) 
hits@10 0.14498523179658404
map@10 0.08398373561144845
hits@50 0.2580261975086683
map@50 0.08914556761670678
hits@100 0.3283677924746372
map@100 0.09013590790214447
Validation use time:  1.8332878828048706 min
MRR: 0
  - (Test) 
hits@10 0.16167533932535205
map@10 0.09535357184733113
hits@50 0.28022997707507
map@50 0.1006981458375584
hits@100 0.3534078090316946
map@100 0.1017386549015127
Best Validation at Epoch:3
MRR: 0

[ Epoch 4 ]
  - (Training)   loss:  7.31925, accuracy: 7.223 %, predected:10.019 %elapse: 12.695 min
  - ( Validation )) 
hits@10 0.16296391421600104
map@10 0.09566586608531522
hits@50 0.2890073198921279
map@50 0.10136566102244471
hits@100 0.3624630794914601
map@100 0.10241176172582941
Validation use time:  1.8365927656491599 min
MRR: 0
  - (Test) 
hits@10 0.1815436119500746
map@10 0.10750011696392829
hits@50 0.31188821367490266
map@50 0.11345091213905587
hits@100 0.3861940977402569
map@100 0.11450532425447134
Best Validation at Epoch:4
MRR: 0

[ Epoch 5 ]
  - (Training)   loss:  7.12962, accuracy: 7.839 %, predected:11.667 %elapse: 12.649 min
  - ( Validation )) 
hits@10 0.1762874020803904
map@10 0.10150027467431476
hits@50 0.3061512777706434
map@50 0.10741060113158832
hits@100 0.3808912289713625
map@100 0.10847680512731284
Validation use time:  1.8327911098798115 min
MRR: 0
  - (Test) 
hits@10 0.19529856992103636
map@10 0.11619276059707628
hits@50 0.3291364943051563
map@50 0.12239582294304137
hits@100 0.4040245988137258
map@100 0.12346006136045747
Best Validation at Epoch:5
MRR: 0

[ Epoch 6 ]
  - (Training)   loss:  6.98939, accuracy: 8.393 %, predected:12.961 %elapse: 12.677 min
  - ( Validation )) 
hits@10 0.18842301271349685
map@10 0.10899657752746232
hits@50 0.32364838833954024
map@50 0.11513589241602351
hits@100 0.3979709772698087
map@100 0.1161932663943049
Validation use time:  1.8329917947451273 min
MRR: 0
  - (Test) 
hits@10 0.2111640769986536
map@10 0.12490417621872084
hits@50 0.346311997380008
map@50 0.13120400506427057
hits@100 0.42010843855754887
map@100 0.13225826552467795
Best Validation at Epoch:6
MRR: 0

[ Epoch 7 ]
  - (Training)   loss:  6.87926, accuracy: 8.811 %, predected:13.892 %elapse: 12.465 min
  - ( Validation )) 
hits@10 0.1977012970335174
map@10 0.11512112678640224
hits@50 0.3363618851932708
map@50 0.12158551760679796
hits@100 0.4103313214331578
map@100 0.12263621912057177
Validation use time:  1.8373191396395365 min
MRR: 0
  - (Test) 
hits@10 0.22000654997998617
map@10 0.13108306287229907
hits@50 0.3593391797969506
map@50 0.1375450986361947
hits@100 0.4340089516393144
map@100 0.13861622244374025
Best Validation at Epoch:7
MRR: 0

[ Epoch 8 ]
  - (Training)   loss:  6.79554, accuracy: 9.120 %, predected:14.599 %elapse: 12.933 min
  - ( Validation )) 
hits@10 0.20540644664183896
map@10 0.11864785071170715
hits@50 0.3437780916912803
map@50 0.1250730428845897
hits@100 0.4172980608706819
map@100 0.12611965283817464
Validation use time:  1.8387130737304687 min
MRR: 0
  - (Test) 
hits@10 0.2291401331829264
map@10 0.13627071633330506
hits@50 0.36847276299989085
map@50 0.14263229288795667
hits@100 0.44423419817328336
map@100 0.14370641653395871
Best Validation at Epoch:8
MRR: 0
Epoch 00009: reducing learning rate of group 0 to 7.2327e-04.

[ Epoch 9 ]
  - (Training)   loss:  6.71963, accuracy: 9.389 %, predected:15.231 %elapse: 13.043 min
  - ( Validation )) 
hits@10 0.20662642866315653
map@10 0.11912030072505864
hits@50 0.3432323102606909
map@50 0.12537890021611117
hits@100 0.4156286117888789
map@100 0.1264095896679311
Validation use time:  1.8353427410125733 min
MRR: 0
  - (Test) 
hits@10 0.2304865179578618
map@10 0.13656857003078032
hits@50 0.368327207889087
map@50 0.14296951917294623
hits@100 0.4415050398457116
map@100 0.14400958201757863

[ Epoch 10 ]
  - (Training)   loss:  6.66006, accuracy: 9.578 %, predected:16.016 %elapse: 12.762 min
  - ( Validation )) 
hits@10 0.20415435983048671
map@10 0.11889490471502158
hits@50 0.34230127134968535
map@50 0.1252032928542793
hits@100 0.41784384230127136
map@100 0.12627861894582676
Validation use time:  1.8395068446795146 min
MRR: 0
  - (Test) 
hits@10 0.2263381972999527
map@10 0.13606523525922387
hits@50 0.36581638222772095
map@50 0.14258800584039014
hits@100 0.44190531640042213
map@100 0.1436726376925285

[ Epoch 11 ]
  - (Training)   loss:  6.60780, accuracy: 9.762 %, predected:16.465 %elapse: 12.814 min
  - ( Validation )) 
hits@10 0.21096057531783743
map@10 0.12334555863353863
hits@50 0.350102735328111
map@50 0.12977565571180655
hits@100 0.42426480030820596
map@100 0.13083232231201625
Validation use time:  1.828141438961029 min
MRR: 0
  - (Test) 
hits@10 0.23652705505622065
map@10 0.14222269296593376
hits@50 0.37735162475892436
map@50 0.14870118078334657
hits@100 0.45100251082566134
map@100 0.14975525648159888
Best Validation at Epoch:11
MRR: 0

[ Epoch 12 ]
  - (Training)   loss:  6.56254, accuracy: 9.955 %, predected:16.886 %elapse: 12.720 min
  - ( Validation )) 
hits@10 0.21131372800821882
map@10 0.12303876678876678
hits@50 0.35106587902915115
map@50 0.12949582533820125
hits@100 0.4257095158597663
map@100 0.13055099643542498
Validation use time:  1.830513326327006 min
MRR: 0
  - (Test) 
hits@10 0.23765510716495034
map@10 0.14203430884137552
hits@50 0.3788799534223645
map@50 0.14855255156492297
hits@100 0.4514027873803719
map@100 0.1495828184343757
Best Validation at Epoch:12
MRR: 0

[ Epoch 13 ]
  - (Training)   loss:  6.51593, accuracy: 10.152 %, predected:17.330 %elapse: 12.357 min
  - ( Validation )) 
hits@10 0.21442789264158213
map@10 0.12616611731803729
hits@50 0.3541158340824451
map@50 0.1325790353124803
hits@100 0.4285347373828175
map@100 0.1336334368756369
Validation use time:  1.821261207262675 min
MRR: 0
  - (Test) 
hits@10 0.23991121138240967
map@10 0.14469519489078458
hits@50 0.3795713401986827
map@50 0.1512056621824215
hits@100 0.4543866671518504
map@100 0.15227205862145918
Best Validation at Epoch:13
MRR: 0

[ Epoch 14 ]
  - (Training)   loss:  6.47675, accuracy: 10.231 %, predected:17.764 %elapse: 12.482 min
  - ( Validation )) 
hits@10 0.21860151534608963
map@10 0.12805985403022135
hits@50 0.35681263644535766
map@50 0.13442378089058174
hits@100 0.43110312058559136
map@100 0.13547808359565697
Validation use time:  1.8230238238970438 min
MRR: 0
  - (Test) 
hits@10 0.2434409228194025
map@10 0.1464529316936435
hits@50 0.383574105745788
map@50 0.1529559806332796
hits@100 0.45795276736654417
map@100 0.15401783816174852
Best Validation at Epoch:14
MRR: 0

[ Epoch 15 ]
  - (Training)   loss:  6.33784, accuracy: 10.729 %, predected:18.711 %elapse: 12.576 min
  - ( Validation )) 
hits@10 0.22168357518941825
map@10 0.12991342153487395
hits@50 0.36159625016052394
map@50 0.13640400116769724
hits@100 0.4359188390907923
map@100 0.13745905220477833
Validation use time:  1.8219851096471151 min
MRR: 0
  - (Test) 
hits@10 0.24686146792329244
map@10 0.14855340168647546
hits@50 0.3877224264036971
map@50 0.15513566209369065
hits@100 0.4601724828063025
map@100 0.15617083003512455
Best Validation at Epoch:15
MRR: 0

[ Epoch 16 ]
  - (Training)   loss:  6.31926, accuracy: 10.779 %, predected:19.140 %elapse: 12.434 min
  - ( Validation )) 
hits@10 0.22287145242070117
map@10 0.1306866755948559
hits@50 0.3610825735199692
map@50 0.1370746869452672
hits@100 0.43550147682034157
map@100 0.13813907667786798
Validation use time:  1.8218629638353983 min
MRR: 0
  - (Test) 
hits@10 0.24820785269822787
map@10 0.14955610023202184
hits@50 0.38688548451657506
map@50 0.15602911419225243
hits@100 0.46082748080491975
map@100 0.15707962592393737
Best Validation at Epoch:16
MRR: 0
Epoch 00017: reducing learning rate of group 0 to 2.0000e-04.

[ Epoch 17 ]
  - (Training)   loss:  6.26553, accuracy: 11.086 %, predected:19.446 %elapse: 12.688 min
  - ( Validation )) 
hits@10 0.22351354822139463
map@10 0.13126403947564222
hits@50 0.3621741363811481
map@50 0.1377346256682498
hits@100 0.4384872222935662
map@100 0.138819046340069
Validation use time:  1.8185758233070373 min
MRR: 0
  - (Test) 
hits@10 0.25024562424948144
map@10 0.15140187766092938
hits@50 0.3893235326225392
map@50 0.15787411413966507
hits@100 0.4623921982460609
map@100 0.1589120525206984
Best Validation at Epoch:17
MRR: 0

[ Epoch 18 ]
  - (Training)   loss:  6.25747, accuracy: 11.106 %, predected:19.482 %elapse: 12.790 min
  - ( Validation )) 
hits@10 0.22515089251316298
map@10 0.1319212194316535
hits@50 0.36345832798253497
map@50 0.1383094648681309
hits@100 0.43771670733273405
map@100 0.13936502107380747
Validation use time:  1.8260437409083048 min
MRR: 0
  - (Test) 
hits@10 0.2500272915832757
map@10 0.15180977853096772
hits@50 0.3889232560678287
map@50 0.15829001956642993
hits@100 0.4627560860230705
map@100 0.1593371311188649
Best Validation at Epoch:18
MRR: 0

[ Epoch 19 ]
  - (Training)   loss:  6.24938, accuracy: 11.106 %, predected:19.517 %elapse: 12.925 min
  - ( Validation )) 
hits@10 0.2252151020932323
map@10 0.13205205919104082
hits@50 0.36316938487222294
map@50 0.13840007634937415
hits@100 0.43768460254269936
map@100 0.13946096328769442
Validation use time:  1.8242876132329304 min
MRR: 0
  - (Test) 
hits@10 0.2495178486954623
map@10 0.15130485536038463
hits@50 0.389505476511044
map@50 0.15787121287650344
hits@100 0.46271969724536954
map@100 0.15891051021233993

[ Epoch 20 ]
  - (Training)   loss:  6.24449, accuracy: 11.154 %, predected:19.564 %elapse: 12.909 min
  - ( Validation )) 
hits@10 0.22540773083344035
map@10 0.1324113652995122
hits@50 0.3624630794914601
map@50 0.1387619213182899
hits@100 0.4388403749839476
map@100 0.13985061612616592
Validation use time:  1.824616301059723 min
MRR: 0
  - (Test) 
hits@10 0.2501000691386776
map@10 0.1521569881181977
hits@50 0.3897601979549507
map@50 0.15866623160205062
hits@100 0.4638113605763982
map@100 0.15971451011715776
Best Validation at Epoch:20
MRR: 0

[ Epoch 21 ]
  - (Training)   loss:  6.23931, accuracy: 11.156 %, predected:19.734 %elapse: 12.831 min
  - ( Validation )) 
hits@10 0.22611403621420315
map@10 0.1324646949229587
hits@50 0.36316938487222294
map@50 0.13877692120202564
hits@100 0.43912931809425965
map@100 0.13985933939300377
Validation use time:  1.814294151465098 min
MRR: 0
  - (Test) 
hits@10 0.2507914559149958
map@10 0.1521487428832504
hits@50 0.39081547250827847
map@50 0.15863784334754324
hits@100 0.4626833084676686
map@100 0.1596578761931596
Best Validation at Epoch:21
MRR: 0

[ Epoch 22 ]
  - (Training)   loss:  6.23235, accuracy: 11.227 %, predected:19.840 %elapse: 12.511 min
  - ( Validation )) 
hits@10 0.22560035957364838
map@10 0.1318835472633469
hits@50 0.3631051752921536
map@50 0.13823491092497325
hits@100 0.4384551175035315
map@100 0.13930679272621138
Validation use time:  1.81987624168396 min
MRR: 0
  - (Test) 
hits@10 0.25093701102579963
map@10 0.15217090826966742
hits@50 0.3897601979549507
map@50 0.15862812365532988
hits@100 0.4633383064662858
map@100 0.1596785792030785

[ Epoch 23 ]
  - (Training)   loss:  6.22935, accuracy: 11.238 %, predected:19.905 %elapse: 12.524 min
  - ( Validation )) 
hits@10 0.2260498266341338
map@10 0.1323510541582328
hits@50 0.36316938487222294
map@50 0.13870204206700187
hits@100 0.43986772826505716
map@100 0.1397963622899146
Validation use time:  1.8095713059107463 min
MRR: 0
  - (Test) 
hits@10 0.25075506713729484
map@10 0.15246116653179717
hits@50 0.3907790837305775
map@50 0.15896547308905684
hits@100 0.4633746952439868
map@100 0.1599990824380862
Best Validation at Epoch:23
MRR: 0

[ Epoch 24 ]
  - (Training)   loss:  6.22108, accuracy: 11.255 %, predected:19.886 %elapse: 12.273 min
  - ( Validation )) 
hits@10 0.2263066649544112
map@10 0.13262172811421563
hits@50 0.36371516630281236
map@50 0.13899524231859123
hits@100 0.43877616540387826
map@100 0.14006814582345609
Validation use time:  1.8174896836280823 min
MRR: 0
  - (Test) 
hits@10 0.25093701102579963
map@10 0.15242021471689243
hits@50 0.39081547250827847
map@50 0.15892264669620354
hits@100 0.4636294166878935
map@100 0.15996113366567494
Best Validation at Epoch:24
MRR: 0
Epoch 00025: reducing learning rate of group 0 to 8.0000e-05.

[ Epoch 25 ]
  - (Training)   loss:  6.20484, accuracy: 11.389 %, predected:20.036 %elapse: 12.295 min
  - ( Validation )) 
hits@10 0.2263066649544112
map@10 0.1332911384664306
hits@50 0.36374727109284705
map@50 0.1396284034599841
hits@100 0.43855143187363554
map@100 0.14069514082871484
Validation use time:  1.8106232643127442 min
MRR: 0
  - (Test) 
hits@10 0.25064590080419197
map@10 0.15265428697345296
hits@50 0.39048797350896985
map@50 0.15919513632892213
hits@100 0.46439358101961353
map@100 0.1602450899229579
Best Validation at Epoch:25
MRR: 0

[ Epoch 26 ]
