Namespace(epoch=70, data='twitter', batch_size=16, dropout=0.15, smooth=0.1, seed=2023, warmup=10, n_warmup_steps=1000, lr=0.001, l2=1e-05, norm=True, time_encoder_type='Interval', time_encoder_type_gru='Interval', d_model=64, time_dim=8, pos_dim=8, heads=1, time_interval=10000, graph_type='social+diffusion+item', save_path='./checkpoints/GRASS_twitter_1676587708.pt', save_mode='best', notes='GRASS', export_log=True, d_word_vec=64, transformer_dim=80)
Init_every_seed with 2023
load graph!

[ Epoch 0 ]
  - (Training)   loss:  9.12998, accuracy: 2.472 %, predected:1.865 %elapse: 4.482 min
  - ( Validation )) 
hits@10 0.04684905165632375
map@10 0.03381763304628439
hits@50 0.09404772310112752
map@50 0.03576059062235126
hits@100 0.13844943623809108
map@100 0.03637677306429814
Validation use time:  0.46635724703470866 min
MRR: 0
  - (Test) 
hits@10 0.05416036308623298
map@10 0.038858031361813525
hits@50 0.11507816439737771
map@50 0.04143999299372421
hits@100 0.16843166918809885
map@100 0.04218608316348759
Best Validation at Epoch:0
MRR: 0

[ Epoch 1 ]
  - (Training)   loss:  8.25372, accuracy: 2.984 %, predected:1.095 %elapse: 4.597 min
  - ( Validation )) 
hits@10 0.0674766191766454
map@10 0.03955680835979761
hits@50 0.150249104099292
map@50 0.043020784424595
hits@100 0.22297002010313785
map@100 0.04404217117187833
Validation use time:  0.46816492478052774 min
MRR: 0
  - (Test) 
hits@10 0.06928895612708018
map@10 0.04376145650729615
hits@50 0.1546142208774584
map@50 0.04725629106169561
hits@100 0.22985375693393847
map@100 0.048300295260617854
Best Validation at Epoch:1
MRR: 0

[ Epoch 2 ]
  - (Training)   loss:  7.46076, accuracy: 3.048 %, predected:1.647 %elapse: 4.623 min
  - ( Validation )) 
hits@10 0.13023337120881043
map@10 0.056008951376489174
hits@50 0.27663665763482215
map@50 0.06290049365282761
hits@100 0.3697229263176296
map@100 0.06419808814784296
Validation use time:  0.4675196488698324 min
MRR: 0
  - (Test) 
hits@10 0.12294503277861825
map@10 0.05783753171801584
hits@50 0.26898638426626326
map@50 0.06441870842908677
hits@100 0.37539082198688856
map@100 0.06590135763396796
Best Validation at Epoch:2
MRR: 0

[ Epoch 3 ]
  - (Training)   loss:  6.83290, accuracy: 3.680 %, predected:3.236 %elapse: 4.546 min
  - ( Validation )) 
hits@10 0.1450048072720916
map@10 0.06689277494058543
hits@50 0.3042566209247443
map@50 0.07440611364384564
hits@100 0.4073070535792326
map@100 0.07586531072776051
Validation use time:  0.463607919216156 min
MRR: 0
  - (Test) 
hits@10 0.13797276853252646
map@10 0.06802231667587189
hits@50 0.3022692889561271
map@50 0.07537356241247452
hits@100 0.4174483106404438
map@100 0.07701464695744686
Best Validation at Epoch:3
MRR: 0

[ Epoch 4 ]
  - (Training)   loss:  6.54389, accuracy: 4.389 %, predected:4.781 %elapse: 4.586 min
  - ( Validation )) 
hits@10 0.16659382921073332
map@10 0.07826027389658193
hits@50 0.32916703085394633
map@50 0.0856122945665576
hits@100 0.4428808670570754
map@100 0.0872299538803324
Validation use time:  0.46554086208343504 min
MRR: 0
  - (Test) 
hits@10 0.15905194150277358
map@10 0.08237298785710286
hits@50 0.3236510337871911
map@50 0.08975169681296918
hits@100 0.43993948562783664
map@100 0.09138431783382447
Best Validation at Epoch:4
MRR: 0

[ Epoch 5 ]
  - (Training)   loss:  6.37141, accuracy: 4.719 %, predected:5.839 %elapse: 3.286 min
  - ( Validation )) 
hits@10 0.16178655711913295
map@10 0.07736052320878825
hits@50 0.34061707892666726
map@50 0.08529979001092261
hits@100 0.45170876671619614
map@100 0.08686073312445025
Validation use time:  0.46555769443511963 min
MRR: 0
  - (Test) 
hits@10 0.1501765002521432
map@10 0.07424805289404383
hits@50 0.32708018154311647
map@50 0.08210257758610351
hits@100 0.44942007060010086
map@100 0.08383659242604388

[ Epoch 6 ]
  - (Training)   loss:  6.13255, accuracy: 5.422 %, predected:7.346 %elapse: 3.182 min
  - ( Validation )) 
hits@10 0.19194126387553537
map@10 0.09479111605018428
hits@50 0.3695481164233896
map@50 0.1028237048476106
hits@100 0.4834367625207587
map@100 0.10442346817855691
Validation use time:  0.46187831163406373 min
MRR: 0
  - (Test) 
hits@10 0.18456883509833585
map@10 0.0922325480873136
hits@50 0.36570852244074636
map@50 0.10037531917596995
hits@100 0.4921835602622289
map@100 0.10214102425778926
Best Validation at Epoch:6
MRR: 0

[ Epoch 7 ]
  - (Training)   loss:  6.06275, accuracy: 5.598 %, predected:8.262 %elapse: 3.162 min
  - ( Validation )) 
hits@10 0.20531422078489642
map@10 0.10103987607920831
hits@50 0.38545581679923085
map@50 0.10912440149421182
hits@100 0.5045887597238004
map@100 0.11080102414183955
Validation use time:  0.4640085140864054 min
MRR: 0
  - (Test) 
hits@10 0.19394856278366113
map@10 0.10015288683972495
hits@50 0.38446797781139685
map@50 0.10868068271784126
hits@100 0.5144730206757439
map@100 0.11049632374131793
Best Validation at Epoch:7
MRR: 0

[ Epoch 8 ]
  - (Training)   loss:  5.79134, accuracy: 6.523 %, predected:9.403 %elapse: 3.691 min
  - ( Validation )) 
hits@10 0.1887072808320951
map@10 0.09111272047204223
hits@50 0.3949829560353116
map@50 0.10040382091924718
hits@100 0.5161262127436413
map@100 0.10210657823955685
Validation use time:  0.46439328193664553 min
MRR: 0
  - (Test) 
hits@10 0.18608169440242056
map@10 0.09209515004522568
hits@50 0.39273827534039335
map@50 0.10152747477664197
hits@100 0.5202218860312657
map@100 0.1033361990033044
Epoch 00009: reducing learning rate of group 0 to 1.2671e-03.

[ Epoch 9 ]
  - (Training)   loss:  5.65038, accuracy: 7.207 %, predected:11.195 %elapse: 4.650 min
  - ( Validation )) 
hits@10 0.21519097980945723
map@10 0.11055719960098946
hits@50 0.4101914168341928
map@50 0.11931947133498756
hits@100 0.5256533519797221
map@100 0.12096413044679395
Validation use time:  0.46554747422536213 min
MRR: 0
  - (Test) 
hits@10 0.20887544125063034
map@10 0.11236718456083053
hits@50 0.41169944528492186
map@50 0.12152493834946201
hits@100 0.5395864851235502
map@100 0.12332697190951647
Best Validation at Epoch:9
MRR: 0

[ Epoch 10 ]
  - (Training)   loss:  5.52180, accuracy: 7.861 %, predected:12.482 %elapse: 4.714 min
  - ( Validation )) 
hits@10 0.22393147452145792
map@10 0.11722193087239849
hits@50 0.4114150860938729
map@50 0.12577491517367165
hits@100 0.5280132855519623
map@100 0.1274224870992599
Validation use time:  0.46843524773915607 min
MRR: 0
  - (Test) 
hits@10 0.2231971759959657
map@10 0.11806317988617535
hits@50 0.4198688855269793
map@50 0.12689417998595737
hits@100 0.5406959152798789
map@100 0.12859630688538076
Best Validation at Epoch:10
MRR: 0

[ Epoch 11 ]
  - (Training)   loss:  5.40594, accuracy: 8.550 %, predected:13.912 %elapse: 4.525 min
  - ( Validation )) 
hits@10 0.22978760597849837
map@10 0.11844965821890917
hits@50 0.4264487369985141
map@50 0.12731383919730624
hits@100 0.5451446551874836
map@100 0.12900202046972037
Validation use time:  0.467738409837087 min
MRR: 0
  - (Test) 
hits@10 0.22864346949067071
map@10 0.11733380560158169
hits@50 0.4334846192637418
map@50 0.12661272474477675
hits@100 0.5549167927382753
map@100 0.12833122499607486
Best Validation at Epoch:11
MRR: 0

[ Epoch 12 ]
  - (Training)   loss:  5.27019, accuracy: 9.501 %, predected:15.411 %elapse: 4.332 min
  - ( Validation )) 
hits@10 0.24823004982081986
map@10 0.13520137128650372
hits@50 0.43711214054715497
map@50 0.14381514488994776
hits@100 0.5542347696879644
map@100 0.14548068210896545
Validation use time:  0.47092411915461224 min
MRR: 0
  - (Test) 
hits@10 0.24175491679273828
map@10 0.13041651658141826
hits@50 0.44669692385274834
map@50 0.1394245004411967
hits@100 0.5671205244578921
map@100 0.14113501615462423
Best Validation at Epoch:12
MRR: 0

[ Epoch 13 ]
  - (Training)   loss:  5.16172, accuracy: 10.315 %, predected:16.939 %elapse: 4.207 min
  - ( Validation )) 
hits@10 0.2549602307490604
map@10 0.13920344264501244
hits@50 0.44550301547067567
map@50 0.14795828908603145
hits@100 0.5565072983130845
map@100 0.14952184628128387
Validation use time:  0.46272348960240683 min
MRR: 0
  - (Test) 
hits@10 0.2524457892082703
map@10 0.13884942647423737
hits@50 0.4562783661119516
map@50 0.14798474717559257
hits@100 0.5719616742309632
map@100 0.14962412652557677
Best Validation at Epoch:13
MRR: 0

[ Epoch 14 ]
  - (Training)   loss:  5.05209, accuracy: 11.162 %, predected:18.570 %elapse: 3.076 min
  - ( Validation )) 
hits@10 0.26850799755266147
map@10 0.14954154024165384
hits@50 0.4525828161873962
map@50 0.15781455165602043
hits@100 0.561926405034525
map@100 0.1593567272250225
Validation use time:  0.4607669512430827 min
MRR: 0
  - (Test) 
hits@10 0.2621280887544125
map@10 0.14359956455266593
hits@50 0.4563792233988906
map@50 0.1523927975842118
hits@100 0.5767019667170953
map@100 0.1540997290801805
Best Validation at Epoch:14
MRR: 0

[ Epoch 15 ]
  - (Training)   loss:  4.94435, accuracy: 12.157 %, predected:19.597 %elapse: 3.122 min
  - ( Validation )) 
hits@10 0.2687702123940215
map@10 0.14856860525289858
hits@50 0.4574774932261166
map@50 0.15723191788513236
hits@100 0.5689188008041255
map@100 0.15881068912722598
Validation use time:  0.4646356503168742 min
MRR: 0
  - (Test) 
hits@10 0.26495209278870396
map@10 0.1441511578576631
hits@50 0.46575895108421583
map@50 0.15326393759219412
hits@100 0.5830559757942512
map@100 0.15493885526704837
Best Validation at Epoch:15
MRR: 0

[ Epoch 16 ]
  - (Training)   loss:  4.84943, accuracy: 12.918 %, predected:21.163 %elapse: 3.139 min
  - ( Validation )) 
hits@10 0.25898085831658074
map@10 0.15282983921651866
hits@50 0.4439297264225155
map@50 0.16106402682383944
hits@100 0.5569443230486846
map@100 0.16266473681432878
Validation use time:  0.4627017935117086 min
MRR: 0
  - (Test) 
hits@10 0.27201210287443267
map@10 0.15619071632687365
hits@50 0.47039838628340896
map@50 0.16516888172983143
hits@100 0.588905698436712
map@100 0.16684077462557895
Best Validation at Epoch:16
MRR: 0
Epoch 00017: reducing learning rate of group 0 to 9.2198e-04.

[ Epoch 17 ]
  - (Training)   loss:  4.78748, accuracy: 13.765 %, predected:21.989 %elapse: 4.580 min
  - ( Validation )) 
hits@10 0.2814439297264225
map@10 0.1684187196423889
hits@50 0.46691722751507736
map@50 0.17680576957859165
hits@100 0.5723275937418058
map@100 0.17830445834025277
Validation use time:  0.46388510465621946 min
MRR: 0
  - (Test) 
hits@10 0.27503782148260214
map@10 0.1604862762048844
hits@50 0.46938981341401914
map@50 0.16928499483352935
hits@100 0.5908219868885527
map@100 0.17102291800888703
Best Validation at Epoch:17
MRR: 0

[ Epoch 18 ]
  - (Training)   loss:  4.67942, accuracy: 14.755 %, predected:23.276 %elapse: 4.452 min
  - ( Validation )) 
hits@10 0.2825801940389826
map@10 0.16721794215457356
hits@50 0.4711126649768377
map@50 0.17576425384025784
hits@100 0.5746001223669259
map@100 0.1772405859742985
Validation use time:  0.47141597270965574 min
MRR: 0
  - (Test) 
hits@10 0.2788703983862834
map@10 0.16063884286274602
hits@50 0.4750378214826021
map@50 0.1695535846775101
hits@100 0.5896116994452849
map@100 0.17117080708125823
Best Validation at Epoch:18
MRR: 0

[ Epoch 19 ]
  - (Training)   loss:  4.59517, accuracy: 15.701 %, predected:24.414 %elapse: 4.671 min
  - ( Validation )) 
hits@10 0.287562276024823
map@10 0.17199215991498132
hits@50 0.4727733589721178
map@50 0.18044730317143154
hits@100 0.5773970806747661
map@100 0.18193622586053115
Validation use time:  0.46595272620519 min
MRR: 0
  - (Test) 
hits@10 0.2832072617246596
map@10 0.16706393231355407
hits@50 0.48058497226424607
map@50 0.1759119670052652
hits@100 0.5989914271306102
map@100 0.17758826337751785
Best Validation at Epoch:19
MRR: 0

[ Epoch 20 ]
  - (Training)   loss:  4.53475, accuracy: 16.284 %, predected:25.290 %elapse: 4.552 min
  - ( Validation )) 
hits@10 0.2959531509483437
map@10 0.18215402555276694
hits@50 0.47600734201555805
map@50 0.19030708246642297
hits@100 0.5787081548815664
map@100 0.1917777816880211
Validation use time:  0.46738089323043824 min
MRR: 0
  - (Test) 
hits@10 0.28895612708018154
map@10 0.1730713045009565
hits@50 0.480988401412002
map@50 0.1816841422664055
hits@100 0.6008068582955118
map@100 0.1834050296439261
Best Validation at Epoch:20
MRR: 0

[ Epoch 21 ]
  - (Training)   loss:  4.44576, accuracy: 17.297 %, predected:26.634 %elapse: 4.485 min
  - ( Validation )) 
hits@10 0.2958657460012237
map@10 0.18078395300666075
hits@50 0.4788043003233983
map@50 0.189070080397316
hits@100 0.5789703697229264
map@100 0.190500216221637
Validation use time:  0.4696244557698568 min
MRR: 0
  - (Test) 
hits@10 0.2908724155320222
map@10 0.17494837067454316
hits@50 0.4903681290973273
map@50 0.18379383016856204
hits@100 0.5980837115481593
map@100 0.18532924488222585
Best Validation at Epoch:21
MRR: 0

[ Epoch 22 ]
  - (Training)   loss:  4.37753, accuracy: 18.083 %, predected:27.765 %elapse: 3.380 min
  - ( Validation )) 
hits@10 0.29962415872738396
map@10 0.18531017657186702
hits@50 0.47889170527051833
map@50 0.19347759417269558
hits@100 0.5814177082422866
map@100 0.194936141462431
Validation use time:  0.46894065539042157 min
MRR: 0
  - (Test) 
hits@10 0.29773071104387294
map@10 0.17707657949715438
hits@50 0.4909732728189612
map@50 0.18574115291505844
hits@100 0.6021180030257186
map@100 0.1873214818446226
Best Validation at Epoch:22
MRR: 0

[ Epoch 23 ]
  - (Training)   loss:  4.31141, accuracy: 18.866 %, predected:28.796 %elapse: 3.194 min
  - ( Validation )) 
hits@10 0.30355738134778426
map@10 0.18826820971082836
hits@50 0.4814264487369985
map@50 0.1963643935470791
hits@100 0.5820295428721266
map@100 0.19780513666333027
Validation use time:  0.46585505406061806 min
MRR: 0
  - (Test) 
hits@10 0.29218356026222897
map@10 0.17728825973152754
hits@50 0.49067070095814425
map@50 0.18642244008042905
hits@100 0.6015128593040847
map@100 0.18801159783603008

[ Epoch 24 ]
  - (Training)   loss:  4.26689, accuracy: 19.294 %, predected:29.489 %elapse: 3.214 min
  - ( Validation )) 
hits@10 0.30224630714098416
map@10 0.1896443867294318
hits@50 0.4827375229437986
map@50 0.1979282868130112
hits@100 0.5813303032951666
map@100 0.1993394093086964
Validation use time:  0.46639352242151894 min
MRR: 0
  - (Test) 
hits@10 0.2924861321230459
map@10 0.18069091243826493
hits@50 0.48835098335854765
map@50 0.18957711426854967
hits@100 0.6018154311649017
map@100 0.1911994741794764
Best Validation at Epoch:24
MRR: 0
Epoch 00025: reducing learning rate of group 0 to 7.6029e-04.

[ Epoch 25 ]
  - (Training)   loss:  4.19944, accuracy: 20.064 %, predected:30.518 %elapse: 3.714 min
  - ( Validation )) 
hits@10 0.3069661742854646
map@10 0.18958299515943075
hits@50 0.4836989773621187
map@50 0.19774706789419386
hits@100 0.5823791626606066
map@100 0.1991426531907065
Validation use time:  0.4684033433596293 min
MRR: 0
  - (Test) 
hits@10 0.29813414019162887
map@10 0.17650229330259584
hits@50 0.48825012607160867
map@50 0.18522181406245158
hits@100 0.599697428139183
map@100 0.186817648879781

[ Epoch 26 ]
  - (Training)   loss:  4.14503, accuracy: 20.613 %, predected:31.020 %elapse: 4.481 min
  - ( Validation )) 
hits@10 0.30923870291058475
map@10 0.19339822110121907
hits@50 0.487282580194039
map@50 0.20151171915487903
hits@100 0.5823791626606066
map@100 0.20286821842459657
Validation use time:  0.4657342195510864 min
MRR: 0
  - (Test) 
hits@10 0.297327281896117
map@10 0.1803889809411746
hits@50 0.49198184568835096
map@50 0.1891890497879687
hits@100 0.5993948562783661
map@100 0.19072006449621168
Best Validation at Epoch:26
MRR: 0

[ Epoch 27 ]
  - (Training)   loss:  4.08808, accuracy: 21.402 %, predected:32.007 %elapse: 4.465 min
  - ( Validation )) 
hits@10 0.31054977711738485
map@10 0.19633228724872814
hits@50 0.48710777029979896
map@50 0.20440438255800378
hits@100 0.5811554934009265
map@100 0.20574315014595654
Validation use time:  0.46335608959198 min
MRR: 0
  - (Test) 
hits@10 0.2998487140695915
map@10 0.18362493896533236
hits@50 0.49480584972264247
map@50 0.19253888055900611
hits@100 0.6033282904689864
map@100 0.19408452739465942
Best Validation at Epoch:27
MRR: 0

[ Epoch 28 ]
  - (Training)   loss:  4.04339, accuracy: 21.834 %, predected:32.470 %elapse: 4.633 min
  - ( Validation )) 
hits@10 0.3153570492089852
map@10 0.19699243739100397
hits@50 0.4948868105934796
map@50 0.20514893397773015
hits@100 0.586749410016607
map@100 0.20645338050966883
Validation use time:  0.46774098873138426 min
MRR: 0
  - (Test) 
hits@10 0.3065052950075643
map@10 0.18768536528748325
hits@50 0.49672213817448313
map@50 0.19618369949061806
hits@100 0.6027231467473525
map@100 0.19769912505557202
Best Validation at Epoch:28
MRR: 0

[ Epoch 29 ]
  - (Training)   loss:  3.99898, accuracy: 22.405 %, predected:33.386 %elapse: 4.685 min
  - ( Validation )) 
hits@10 0.312822305742505
map@10 0.1960436081317123
hits@50 0.48955510881915915
map@50 0.20410664515930999
hits@100 0.5832532121318067
map@100 0.20544552642167332
Validation use time:  0.46637676159540814 min
MRR: 0
  - (Test) 
hits@10 0.3064044377206253
map@10 0.18668483698740887
hits@50 0.4957135653050933
map@50 0.19530482791277146
hits@100 0.6037317196167423
map@100 0.19684364108351424

[ Epoch 30 ]
  - (Training)   loss:  3.94649, accuracy: 22.942 %, predected:33.935 %elapse: 4.099 min
  - ( Validation )) 
hits@10 0.31561926405034524
map@10 0.20045516473057776
hits@50 0.4918276374442793
map@50 0.20855504051636053
hits@100 0.5815051131894066
map@100 0.20983688043642548
Validation use time:  0.4670084476470947 min
MRR: 0
  - (Test) 
hits@10 0.3071104387291982
map@10 0.1903454762304989
hits@50 0.5010590015128593
map@50 0.1991119028591174
hits@100 0.6051437216338881
map@100 0.20058863591434045
Best Validation at Epoch:30
MRR: 0

[ Epoch 31 ]
  - (Training)   loss:  3.91426, accuracy: 23.599 %, predected:34.807 %elapse: 3.131 min
  - ( Validation )) 
hits@10 0.31963989161786555
map@10 0.20413612696192895
hits@50 0.49208985228563934
map@50 0.21198887477736908
hits@100 0.5817673280307666
map@100 0.21327079893154546
Validation use time:  0.46617516279220583 min
MRR: 0
  - (Test) 
hits@10 0.3086232980332829
map@10 0.18817188162876516
hits@50 0.49803328290468984
map@50 0.19664829063139147
hits@100 0.6014120020171457
map@100 0.19813033160612734

[ Epoch 32 ]
  - (Training)   loss:  3.88555, accuracy: 23.837 %, predected:35.270 %elapse: 3.134 min
  - ( Validation )) 
hits@10 0.3161436937330653
map@10 0.20147332831101733
hits@50 0.4948868105934796
map@50 0.20968783222579884
hits@100 0.5842146665501268
map@100 0.21095652815985522
Validation use time:  0.4696325500806173 min
MRR: 0
  - (Test) 
hits@10 0.3118507312153303
map@10 0.19234637273971616
hits@50 0.5015632879475542
map@50 0.20084206904807603
hits@100 0.6039334341906203
map@100 0.2022941712016241
Best Validation at Epoch:32
MRR: 0
Epoch 00033: reducing learning rate of group 0 to 6.6174e-04.

[ Epoch 33 ]
  - (Training)   loss:  3.82235, accuracy: 24.677 %, predected:36.065 %elapse: 3.103 min
  - ( Validation )) 
hits@10 0.3190280569880255
map@10 0.20659657622335711
hits@50 0.4936631413337995
map@50 0.21455115822043552
hits@100 0.5817673280307666
map@100 0.21581710804495324
Validation use time:  0.4658215880393982 min
MRR: 0
  - (Test) 
hits@10 0.3117498739283913
map@10 0.19576983726756797
hits@50 0.49904185577407967
map@50 0.20429030880078647
hits@100 0.6049420070600101
map@100 0.205801247797465
Best Validation at Epoch:33
MRR: 0

[ Epoch 34 ]
  - (Training)   loss:  3.80643, accuracy: 24.844 %, predected:36.017 %elapse: 4.518 min
  - ( Validation )) 
hits@10 0.32042653614194566
map@10 0.2047117162863164
hits@50 0.4933135215453195
map@50 0.21278140685610622
hits@100 0.5836902368674067
map@100 0.2140747828813118
Validation use time:  0.464428699016571 min
MRR: 0
  - (Test) 
hits@10 0.31225416036308623
map@10 0.19501740988881686
hits@50 0.5014624306606152
map@50 0.20358381201726677
hits@100 0.6049420070600101
map@100 0.20507052981141782
Best Validation at Epoch:34
MRR: 0

[ Epoch 35 ]
  - (Training)   loss:  3.75491, accuracy: 25.782 %, predected:37.140 %elapse: 4.563 min
  - ( Validation )) 
hits@10 0.32173761034874576
map@10 0.20604027148254048
hits@50 0.49523643038195964
map@50 0.21396395619938707
hits@100 0.5843020714972468
map@100 0.21523048350445304
Validation use time:  0.4642190972963969 min
MRR: 0
  - (Test) 
hits@10 0.3107413010590015
map@10 0.1935850363006187
hits@50 0.5005547150781644
map@50 0.2023205068319828
hits@100 0.6032274331820474
map@100 0.20378837377923514

[ Epoch 36 ]
  - (Training)   loss:  3.71202, accuracy: 26.151 %, predected:37.761 %elapse: 4.387 min
  - ( Validation )) 
hits@10 0.32165020540162576
map@10 0.2055314151415891
hits@50 0.4935757363866795
map@50 0.21357036786042302
hits@100 0.5810680884538065
map@100 0.21482720718216144
Validation use time:  0.46196928024291994 min
MRR: 0
  - (Test) 
hits@10 0.31316187594553707
map@10 0.19642268808683327
hits@50 0.5021684316691881
map@50 0.20505750646387358
hits@100 0.6043368633383762
map@100 0.20652338053541758
Best Validation at Epoch:36
MRR: 0

[ Epoch 37 ]
  - (Training)   loss:  3.67417, accuracy: 26.690 %, predected:38.536 %elapse: 4.543 min
  - ( Validation )) 
hits@10 0.3210383707717857
map@10 0.20751505654267646
hits@50 0.49418757101651956
map@50 0.2154359211825741
hits@100 0.5836902368674067
map@100 0.21672405786211327
Validation use time:  0.4618360598882039 min
MRR: 0
  - (Test) 
hits@10 0.32092788703983866
map@10 0.1972458756573734
hits@50 0.502672718103883
map@50 0.20542510844124762
hits@100 0.6039334341906203
map@100 0.2068647929012286
Best Validation at Epoch:37
MRR: 0

[ Epoch 38 ]
  - (Training)   loss:  3.64814, accuracy: 27.164 %, predected:39.095 %elapse: 4.516 min
  - ( Validation )) 
hits@10 0.324971593392186
map@10 0.20939995116422006
hits@50 0.5011799667861201
map@50 0.2174416254613166
hits@100 0.5842146665501268
map@100 0.21861181380998843
Validation use time:  0.46305272579193113 min
MRR: 0
  - (Test) 
hits@10 0.319112455874937
map@10 0.19932561695042783
hits@50 0.5035804336863339
map@50 0.2077251081485933
hits@100 0.605547150781644
map@100 0.20918097512724387
Best Validation at Epoch:38
MRR: 0

[ Epoch 39 ]
  - (Training)   loss:  3.60795, accuracy: 27.943 %, predected:39.626 %elapse: 3.208 min
  - ( Validation )) 
hits@10 0.3225242548728258
map@10 0.20860730622115117
hits@50 0.49689712437723976
map@50 0.21649730115253624
hits@100 0.5843894764443668
map@100 0.2177688337815608
Validation use time:  0.46022963921229043 min
MRR: 0
  - (Test) 
hits@10 0.3207261724659607
map@10 0.198924429075715
hits@50 0.5035804336863339
map@50 0.2070876192536921
hits@100 0.6021180030257186
map@100 0.20849578342105018

[ Epoch 40 ]
  - (Training)   loss:  3.57471, accuracy: 28.223 %, predected:40.126 %elapse: 3.161 min
  - ( Validation )) 
hits@10 0.3274189319115462
map@10 0.21182935779561948
hits@50 0.49908224805523993
map@50 0.21964224444110927
hits@100 0.5855257407569269
map@100 0.22087095179151398
Validation use time:  0.4644076863924662 min
MRR: 0
  - (Test) 
hits@10 0.3170953101361573
map@10 0.1983432589710956
hits@50 0.5021684316691881
map@50 0.2067812664270547
hits@100 0.6022188603126576
map@100 0.20821962659875307
Epoch 00041: reducing learning rate of group 0 to 5.9368e-04.

[ Epoch 41 ]
  - (Training)   loss:  3.54780, accuracy: 28.568 %, predected:40.270 %elapse: 3.109 min
  - ( Validation )) 
hits@10 0.3219124202429858
map@10 0.209215603031703
hits@50 0.4975089590070798
map@50 0.21731861677375192
hits@100 0.5806310637182065
map@100 0.21851000662014575
Validation use time:  0.4622239351272583 min
MRR: 0
  - (Test) 
hits@10 0.3179021684316692
map@10 0.1962767251799022
hits@50 0.5039838628340898
map@50 0.20475956904929135
hits@100 0.6011094301563288
map@100 0.20615261296990592

[ Epoch 42 ]
  - (Training)   loss:  3.52621, accuracy: 28.832 %, predected:41.234 %elapse: 3.722 min
  - ( Validation )) 
hits@10 0.3261952626518661
map@10 0.2094651927140346
hits@50 0.4948868105934796
map@50 0.21731424861108364
hits@100 0.5808932785595665
map@100 0.2185553799128953
Validation use time:  0.4630885402361552 min
MRR: 0
  - (Test) 
hits@10 0.3194150277357539
map@10 0.19829415107781218
hits@50 0.5068078668683812
map@50 0.2069085975287489
hits@100 0.6019162884518406
map@100 0.20826136429397724

[ Epoch 43 ]
  - (Training)   loss:  3.50099, accuracy: 29.315 %, predected:42.556 %elapse: 4.405 min
  - ( Validation )) 
hits@10 0.32549602307490605
map@10 0.21191149069831003
hits@50 0.4962852897473997
map@50 0.2197813662671124
hits@100 0.5814177082422866
map@100 0.22100649283352025
Validation use time:  0.4601893345514933 min
MRR: 0
  - (Test) 
hits@10 0.3231467473524962
map@10 0.20078352504222396
hits@50 0.5065052950075642
map@50 0.2090723748985018
hits@100 0.6026222894604135
map@100 0.21043464227073264
Best Validation at Epoch:43
MRR: 0

[ Epoch 44 ]
  - (Training)   loss:  3.46342, accuracy: 29.825 %, predected:42.813 %elapse: 4.399 min
  - ( Validation )) 
hits@10 0.32654488244034613
map@10 0.21198342635716988
hits@50 0.4975089590070798
map@50 0.21989471161222973
hits@100 0.5813303032951666
map@100 0.22110205112104656
Validation use time:  0.45803783734639486 min
MRR: 0
  - (Test) 
hits@10 0.31628845184064547
map@10 0.20086212968966372
hits@50 0.5087241553202219
map@50 0.20961865688559927
hits@100 0.6036308623298033
map@100 0.21096968279321426

[ Epoch 45 ]
  - (Training)   loss:  3.44284, accuracy: 30.134 %, predected:43.249 %elapse: 4.362 min
  - ( Validation )) 
hits@10 0.3276811467529062
map@10 0.2124981443790988
hits@50 0.49820819858403986
map@50 0.22033138075242065
hits@100 0.5820295428721266
map@100 0.22153606221937017
Validation use time:  0.46068126360575357 min
MRR: 0
  - (Test) 
hits@10 0.3202218860312658
map@10 0.19970979516365295
hits@50 0.5039838628340898
map@50 0.20815428835970387
hits@100 0.5992939989914271
map@100 0.20951494192400183

[ Epoch 46 ]
  - (Training)   loss:  3.41888, accuracy: 30.660 %, predected:44.061 %elapse: 4.572 min
  - ( Validation )) 
hits@10 0.3302158902193864
map@10 0.2154508361046251
hits@50 0.4973341491128398
map@50 0.22323210265536586
hits@100 0.5834280220260467
map@100 0.22447184362984265
Validation use time:  0.460495920976003 min
MRR: 0
  - (Test) 
hits@10 0.3219364599092284
map@10 0.20109826381384627
hits@50 0.5062027231467473
map@50 0.2095970826887701
hits@100 0.6042360060514372
map@100 0.21098516677960708
Best Validation at Epoch:46
MRR: 0

[ Epoch 47 ]
  - (Training)   loss:  3.38937, accuracy: 30.963 %, predected:43.939 %elapse: 4.103 min
  - ( Validation )) 
hits@10 0.3312647495848265
map@10 0.21349639905491669
hits@50 0.49829560353115987
map@50 0.22123679529828094
hits@100 0.5828161873962067
map@100 0.22244405779982374
Validation use time:  0.4566391507784526 min
MRR: 0
  - (Test) 
hits@10 0.3233484619263742
map@10 0.2039297520991923
hits@50 0.5068078668683812
map@50 0.21235837948959407
hits@100 0.6017145738779627
map@100 0.2137053986357689
Best Validation at Epoch:47
MRR: 0

[ Epoch 48 ]
  - (Training)   loss:  3.36093, accuracy: 31.361 %, predected:44.305 %elapse: 3.133 min
  - ( Validation )) 
hits@10 0.32969146053666637
map@10 0.2143500540384554
hits@50 0.4972467441657198
map@50 0.22205206569495417
hits@100 0.5822917577134866
map@100 0.22326597083151714
Validation use time:  0.4581021904945374 min
MRR: 0
  - (Test) 
hits@10 0.3238527483610691
map@10 0.2040200033619096
hits@50 0.5043872919818457
map@50 0.21244060197943174
hits@100 0.6024205748865356
map@100 0.2138175607812514
Epoch 00049: reducing learning rate of group 0 to 5.4306e-04.

[ Epoch 49 ]
  - (Training)   loss:  3.33603, accuracy: 31.606 %, predected:45.013 %elapse: 3.212 min
  - ( Validation )) 
hits@10 0.3277685517000262
map@10 0.214639565583539
hits@50 0.49777117384843983
map@50 0.22256177436946226
hits@100 0.5814177082422866
map@100 0.223764840772241
Validation use time:  0.45642988284428915 min
MRR: 0
  - (Test) 
hits@10 0.3207261724659607
map@10 0.20163304757102035
hits@50 0.5061018658598083
map@50 0.21017651842284518
hits@100 0.6042360060514372
map@100 0.21157675106686147

[ Epoch 50 ]
  - (Training)   loss:  3.32375, accuracy: 31.721 %, predected:45.067 %elapse: 3.177 min
  - ( Validation )) 
hits@10 0.3299536753780264
map@10 0.21564049096607432
hits@50 0.50039332226204
map@50 0.22354615156531987
hits@100 0.5848265011799668
map@100 0.22475708515912618
Validation use time:  0.4578747868537903 min
MRR: 0
  - (Test) 
hits@10 0.3259707513867877
map@10 0.20570015768956765
hits@50 0.5038830055471508
map@50 0.21382174250631636
hits@100 0.599697428139183
map@100 0.21520035744204197
Best Validation at Epoch:50
MRR: 0

[ Epoch 51 ]
  - (Training)   loss:  3.29786, accuracy: 32.185 %, predected:45.202 %elapse: 4.660 min
  - ( Validation )) 
hits@10 0.3290796259068263
map@10 0.21548395980482332
hits@50 0.4931387116510795
map@50 0.22321362519841612
hits@100 0.5815925181365266
map@100 0.22448092417071563
Validation use time:  0.45510175625483196 min
MRR: 0
  - (Test) 
hits@10 0.3254664649520928
map@10 0.20353388724795685
hits@50 0.5040847201210288
map@50 0.21171435448023546
hits@100 0.6013111447302067
map@100 0.2131031118444261

[ Epoch 52 ]
  - (Training)   loss:  3.27832, accuracy: 32.706 %, predected:45.939 %elapse: 4.250 min
  - ( Validation )) 
hits@10 0.3330128485272266
map@10 0.2167890682771375
hits@50 0.4961978848002797
map@50 0.2243412858697206
hits@100 0.5798444191941264
map@100 0.22554319479322882
Validation use time:  0.45805822213490804 min
MRR: 0
  - (Test) 
hits@10 0.3260716086737267
map@10 0.2063488061218772
hits@50 0.5074130105900151
map@50 0.21471391733565584
hits@100 0.6028240040342915
map@100 0.21606379400424178
Best Validation at Epoch:52
MRR: 0

[ Epoch 53 ]
  - (Training)   loss:  3.24884, accuracy: 32.972 %, predected:46.034 %elapse: 4.599 min
  - ( Validation )) 
hits@10 0.33327506336858664
map@10 0.21503781304498026
hits@50 0.49829560353115987
map@50 0.22262579460078866
hits@100 0.5840398566558868
map@100 0.2238542973240507
Validation use time:  0.45651055574417115 min
MRR: 0
  - (Test) 
hits@10 0.3250630358043369
map@10 0.20550684788960127
hits@50 0.5083207261724659
map@50 0.21387504700835339
hits@100 0.6023197175995966
map@100 0.21520698846951358

[ Epoch 54 ]
  - (Training)   loss:  3.23226, accuracy: 33.420 %, predected:46.888 %elapse: 4.498 min
  - ( Validation )) 
hits@10 0.3299536753780264
map@10 0.21587939782153576
hits@50 0.49567345511755967
map@50 0.22358127996741517
hits@100 0.5798444191941264
map@100 0.22478714959306423
Validation use time:  0.460646132628123 min
MRR: 0
  - (Test) 
hits@10 0.32355017650025214
map@10 0.2051077812197328
hits@50 0.5073121533030761
map@50 0.21357170717775403
hits@100 0.6023197175995966
map@100 0.21492410171310444

[ Epoch 55 ]
  - (Training)   loss:  3.20424, accuracy: 33.868 %, predected:46.847 %elapse: 4.551 min
  - ( Validation )) 
hits@10 0.33467354252250675
map@10 0.2169756362178353
hits@50 0.5017043964688401
map@50 0.22457914915157412
hits@100 0.5831658071846867
map@100 0.2257416813331066
Validation use time:  0.4559218049049377 min
MRR: 0
  - (Test) 
hits@10 0.32465960665658095
map@10 0.20451656540915245
hits@50 0.5053958648512356
map@50 0.21296919278822413
hits@100 0.6017145738779627
map@100 0.21434440408584102

[ Epoch 56 ]
  - (Training)   loss:  3.18567, accuracy: 33.911 %, predected:47.378 %elapse: 3.112 min
  - ( Validation )) 
hits@10 0.33100253474346647
map@10 0.2167648584941654
hits@50 0.49916965300235994
map@50 0.22445430497907404
hits@100 0.5795822043527664
map@100 0.22560347103865686
Validation use time:  0.45234744946161903 min
MRR: 0
  - (Test) 
hits@10 0.3261724659606657
map@10 0.20505511130322024
hits@50 0.5066061522945032
map@50 0.2133396109543976
hits@100 0.6040342914775593
map@100 0.2147144521428587
Epoch 00057: reducing learning rate of group 0 to 5.0351e-04.

[ Epoch 57 ]
  - (Training)   loss:  3.17121, accuracy: 34.042 %, predected:47.100 %elapse: 3.123 min
  - ( Validation )) 
hits@10 0.3299536753780264
map@10 0.2158085373822634
hits@50 0.4973341491128398
map@50 0.22358518883546835
hits@100 0.5803688488768465
map@100 0.22477486438199248
Validation use time:  0.4530013084411621 min
MRR: 0
  - (Test) 
hits@10 0.3259707513867877
map@10 0.20404401700165695
hits@50 0.5063035804336863
map@50 0.21239844390046428
hits@100 0.6011094301563288
map@100 0.21374185971639648

[ Epoch 58 ]
  - (Training)   loss:  3.14191, accuracy: 34.607 %, predected:47.936 %elapse: 3.138 min
  - ( Validation )) 
hits@10 0.33187658421466654
map@10 0.21808713579537806
hits@50 0.4975089590070798
map@50 0.22575439149123533
hits@100 0.5795822043527664
map@100 0.22692129665605826
Validation use time:  0.45206358035405475 min
MRR: 0
  - (Test) 
hits@10 0.3237518910741301
map@10 0.20388144466056718
hits@50 0.5075138678769541
map@50 0.21239657537147333
hits@100 0.6002017145738779
map@100 0.21371630494693628

[ Epoch 59 ]
  - (Training)   loss:  3.13604, accuracy: 34.885 %, predected:48.133 %elapse: 3.897 min
  - ( Validation )) 
hits@10 0.3340617078926667
map@10 0.21908213012793035
hits@50 0.4986452233196399
map@50 0.2264968597284989
hits@100 0.5801940389826065
map@100 0.22766085037823888
Validation use time:  0.4570295333862305 min
MRR: 0
  - (Test) 
hits@10 0.32728189611699443
map@10 0.20483298513555695
hits@50 0.508018154311649
map@50 0.2132010086699324
hits@100 0.599697428139183
map@100 0.21450184861295155

[ Epoch 60 ]
  - (Training)   loss:  3.11257, accuracy: 35.192 %, predected:48.482 %elapse: 4.489 min
  - ( Validation )) 
hits@10 0.33196398916178654
map@10 0.21668262153796636
hits@50 0.4950616204877196
map@50 0.22421929966767867
hits@100 0.5808932785595665
map@100 0.22546656937408738
Validation use time:  0.45256307125091555 min
MRR: 0
  - (Test) 
hits@10 0.32818961169944527
map@10 0.20700565921443376
hits@50 0.5086232980332829
map@50 0.2155065924977079
hits@100 0.599899142713061
map@100 0.2168067572780313
Best Validation at Epoch:60
MRR: 0

[ Epoch 61 ]
  - (Training)   loss:  3.09389, accuracy: 35.590 %, predected:48.638 %elapse: 4.457 min
  - ( Validation )) 
hits@10 0.33196398916178654
map@10 0.2170766721745657
hits@50 0.49960667773795997
map@50 0.22485797905014052
hits@100 0.5804562538239665
map@100 0.22603104166264915
Validation use time:  0.45575910011927284 min
MRR: 0
  - (Test) 
hits@10 0.32637418053454365
map@10 0.20763913903096962
hits@50 0.5090267271810388
map@50 0.21608477792525088
hits@100 0.5994957135653051
map@100 0.21736892788587345

[ Epoch 62 ]
  - (Training)   loss:  3.07802, accuracy: 35.717 %, predected:48.943 %elapse: 4.454 min
  - ( Validation )) 
hits@10 0.33178917926754653
map@10 0.216383918599634
hits@50 0.4971593392185998
map@50 0.2239917781705261
hits@100 0.5806310637182065
map@100 0.22518568113247706
Validation use time:  0.4561523278554281 min
MRR: 0
  - (Test) 
hits@10 0.33010590015128594
map@10 0.2073430908756173
hits@50 0.5092284417549168
map@50 0.21549235800464736
hits@100 0.5991931417044881
map@100 0.21676610596441254
Best Validation at Epoch:62
MRR: 0

[ Epoch 63 ]
  - (Training)   loss:  3.05596, accuracy: 35.969 %, predected:49.011 %elapse: 4.503 min
  - ( Validation )) 
hits@10 0.3340617078926667
map@10 0.2186931781132463
hits@50 0.49541124027619965
map@50 0.22611875676286883
hits@100 0.5792325845642864
map@100 0.22731301588420513
Validation use time:  0.4530341386795044 min
MRR: 0
  - (Test) 
hits@10 0.3304084720121029
map@10 0.20896749353632862
hits@50 0.5069087241553202
map@50 0.2171564426453153
hits@100 0.5989914271306102
map@100 0.21845884948337246
Best Validation at Epoch:63
MRR: 0

[ Epoch 64 ]
  - (Training)   loss:  3.03512, accuracy: 36.380 %, predected:49.505 %elapse: 4.066 min
  - ( Validation )) 
hits@10 0.33362468315706667
map@10 0.21958994593379702
hits@50 0.49960667773795997
map@50 0.2272359362365193
hits@100 0.5803688488768465
map@100 0.22839002472847972
Validation use time:  0.4547329266866048 min
MRR: 0
  - (Test) 
hits@10 0.33061018658598085
map@10 0.21002093188931314
hits@50 0.5119515885022693
map@50 0.21853477591483378
hits@100 0.5967725668179525
map@100 0.21973939599415457
Best Validation at Epoch:64
MRR: 0
Epoch 00065: reducing learning rate of group 0 to 4.7151e-04.

[ Epoch 65 ]
  - (Training)   loss:  3.02879, accuracy: 36.527 %, predected:49.745 %elapse: 3.095 min
  - ( Validation )) 
hits@10 0.3339743029455467
map@10 0.21911865290940544
hits@50 0.4985578183725199
map@50 0.22667568300191546
hits@100 0.5776592955161262
map@100 0.22780628405886988
Validation use time:  0.4532606681187948 min
MRR: 0
  - (Test) 
hits@10 0.3302067574382249
map@10 0.20833413378799157
hits@50 0.5068078668683812
map@50 0.21652875833910767
hits@100 0.5988905698436712
map@100 0.2178492134616642

[ Epoch 66 ]
  - (Training)   loss:  3.00405, accuracy: 36.801 %, predected:50.075 %elapse: 3.188 min
  - ( Validation )) 
hits@10 0.3337994930513067
map@10 0.22012967148226303
hits@50 0.4974215540599598
map@50 0.22769587196691932
hits@100 0.5789703697229264
map@100 0.2288637451720861
Validation use time:  0.4540168881416321 min
MRR: 0
  - (Test) 
hits@10 0.33262733232476044
map@10 0.21052854021083972
hits@50 0.5103378719112456
map@50 0.2186928632239399
hits@100 0.5981845688350983
map@100 0.21994490295746355
Best Validation at Epoch:66
MRR: 0

[ Epoch 67 ]
  - (Training)   loss:  2.98738, accuracy: 37.321 %, predected:50.424 %elapse: 3.103 min
  - ( Validation )) 
hits@10 0.33580980683506684
map@10 0.21987980432390888
hits@50 0.4950616204877196
map@50 0.22726389293823948
hits@100 0.5793199895114064
map@100 0.22846721735745634
Validation use time:  0.45500454902648924 min
MRR: 0
  - (Test) 
hits@10 0.33222390317700456
map@10 0.20911873944400422
hits@50 0.5083207261724659
map@50 0.21721350952438434
hits@100 0.5978819969742813
map@100 0.21849750017311134

[ Epoch 68 ]
  - (Training)   loss:  2.98378, accuracy: 37.310 %, predected:50.221 %elapse: 4.563 min
  - ( Validation )) 
hits@10 0.3327506336858666
map@10 0.21614404057809355
hits@50 0.49427497596363956
map@50 0.22349479696642388
hits@100 0.5746875273140459
map@100 0.22465241377871978
Validation use time:  0.4586860020955404 min
MRR: 0
  - (Test) 
hits@10 0.3291981845688351
map@10 0.20631094461654226
hits@50 0.5051941502773576
map@50 0.21432486774934803
hits@100 0.5986888552697932
map@100 0.21566953916977089

[ Epoch 69 ]
  - (Training)   loss:  2.96595, accuracy: 37.549 %, predected:51.191 %elapse: 4.412 min
  - ( Validation )) 
hits@10 0.3361594266235469
map@10 0.22047748767659617
hits@50 0.49951927279083996
map@50 0.22795575767301648
hits@100 0.5798444191941264
map@100 0.22911436211469888
Validation use time:  0.45491005579630533 min
MRR: 0
  - (Test) 
hits@10 0.32970247100353
map@10 0.21036644814254496
hits@50 0.5122541603630862
map@50 0.21871916525313473
hits@100 0.6019162884518406
map@100 0.21998331537090327
Best Validation at Epoch:69
MRR: 0
load graph!
  - (Test) 
hits@10 0.32970247100353
map@10 0.21036644814254496
hits@50 0.5122541603630862
map@50 0.21871916525313473
hits@100 0.6020171457387796
map@100 0.21998432394377262
MRR: 0
