Namespace(epoch=40, data='weibo23', batch_size=16, dropout=0.15, smooth=0.1, seed=2023, warmup=10, n_warmup_steps=1000, lr=0.001, l2=1e-05, norm=True, time_encoder_type='Interval', time_encoder_type_gru='Interval', d_model=64, time_dim=8, pos_dim=8, heads=1, time_interval=10000, graph_type='diffusion+item', save_path='./checkpoints/GRASS_weibo23_1676587708.pt', save_mode='best', notes='GRASS', export_log=True, d_word_vec=64, transformer_dim=80)
Init_every_seed with 2023

[ Epoch 0 ]
  - (Training)   loss:  8.86316, accuracy: 2.481 %, predected:0.775 %elapse: 27.778 min
  - ( Validation )) 
hits@10 0.04488107266719463
map@10 0.030726719627290365
hits@50 0.11356126600944864
map@50 0.033498553831941884
hits@100 0.1816543324503673
map@100 0.034449380227288676
Validation use time:  6.652603753407797 min
MRR: 0
  - (Test) 
hits@10 0.04449158267354825
map@10 0.030398018864727865
hits@50 0.11431621044667226
map@50 0.03322669565086272
hits@100 0.1868700516118572
map@100 0.03423891891714218
Best Validation at Epoch:0
MRR: 0

[ Epoch 1 ]
  - (Training)   loss:  8.12635, accuracy: 2.700 %, predected:2.332 %elapse: 27.965 min
  - ( Validation )) 
hits@10 0.05553128157513859
map@10 0.033964570608457666
hits@50 0.15420956334143476
map@50 0.038031307900744736
hits@100 0.24043529315382725
map@100 0.03924785740950314
Validation use time:  6.6361585338910425 min
MRR: 0
  - (Test) 
hits@10 0.05715134974464291
map@10 0.034092525824157685
hits@50 0.15918609992704083
map@50 0.038269935187319255
hits@100 0.24966898154403222
map@100 0.039548745914226115
Best Validation at Epoch:1
MRR: 0

[ Epoch 2 ]
  - (Training)   loss:  7.90072, accuracy: 2.838 %, predected:3.443 %elapse: 27.887 min
  - ( Validation )) 
hits@10 0.060596957863404244
map@10 0.035691393400164806
hits@50 0.17182337038149595
map@50 0.040301305691941916
hits@100 0.2597012479860182
map@100 0.04154210826148437
Validation use time:  6.58111556371053 min
MRR: 0
  - (Test) 
hits@10 0.06081281919636825
map@10 0.035746127609491314
hits@50 0.17661523495554896
map@50 0.040501924388923256
hits@100 0.26897613964925554
map@100 0.04181201830943518
Best Validation at Epoch:2
MRR: 0

[ Epoch 3 ]
  - (Training)   loss:  7.76947, accuracy: 2.926 %, predected:4.069 %elapse: 27.994 min
  - ( Validation )) 
hits@10 0.06649553510472705
map@10 0.03737463139310541
hits@50 0.18685654987847838
map@50 0.04235878436463071
hits@100 0.27427018760752614
map@100 0.04359634000950633
Validation use time:  6.569822684923808 min
MRR: 0
  - (Test) 
hits@10 0.06539303375037155
map@10 0.036852991347411324
hits@50 0.1920447482908639
map@50 0.04216133087287187
hits@100 0.28631069797605857
map@100 0.04349918843445607
Best Validation at Epoch:3
MRR: 0

[ Epoch 4 ]
  - (Training)   loss:  7.68965, accuracy: 3.002 %, predected:4.263 %elapse: 27.591 min
  - ( Validation )) 
hits@10 0.0677653677052896
map@10 0.03736875795677238
hits@50 0.19383380212458012
map@50 0.042674778132588916
hits@100 0.2822441901744996
map@100 0.0439303068063684
Validation use time:  6.576025152206421 min
MRR: 0
  - (Test) 
hits@10 0.07025697840949009
map@10 0.038388881597261094
hits@50 0.20223201016023995
map@50 0.0439652869824916
hits@100 0.29390385602723806
map@100 0.045269320276247714
Best Validation at Epoch:4
MRR: 0

[ Epoch 5 ]
  - (Training)   loss:  7.62213, accuracy: 3.048 %, predected:4.708 %elapse: 27.579 min
  - ( Validation )) 
hits@10 0.07053715284415195
map@10 0.03866654898120804
hits@50 0.19951391354215026
map@50 0.04412162435169903
hits@100 0.2887572025451268
map@100 0.04538979520176917
Validation use time:  6.555011435349782 min
MRR: 0
  - (Test) 
hits@10 0.07354014105439512
map@10 0.03933896997607914
hits@50 0.2075012835409517
map@50 0.04504309927215397
hits@100 0.30171318939660063
map@100 0.046379927343633075
Best Validation at Epoch:5
MRR: 0

[ Epoch 6 ]
  - (Training)   loss:  7.57677, accuracy: 3.121 %, predected:4.931 %elapse: 27.462 min
  - ( Validation )) 
hits@10 0.0735956743766897
map@10 0.04002012139590992
hits@50 0.20122067779021818
map@50 0.0454437492117196
hits@100 0.2894535623583386
map@100 0.04669114670110858
Validation use time:  6.5737137993176775 min
MRR: 0
  - (Test) 
hits@10 0.0757424271083849
map@10 0.04008185817269234
hits@50 0.2098386791688059
map@50 0.045828600232112625
hits@100 0.3043748480017294
map@100 0.047168736112120024
Best Validation at Epoch:6
MRR: 0

[ Epoch 7 ]
  - (Training)   loss:  7.52704, accuracy: 3.178 %, predected:5.265 %elapse: 27.583 min
  - ( Validation )) 
hits@10 0.07644938419945929
map@10 0.040651055246279016
hits@50 0.20754253256506186
map@50 0.04623469370300545
hits@100 0.2983014282203228
map@100 0.04752178553807386
Validation use time:  6.56529503663381 min
MRR: 0
  - (Test) 
hits@10 0.07926878698624584
map@10 0.04129200567374427
hits@50 0.21601318669440916
map@50 0.04717187759641727
hits@100 0.31033318020914963
map@100 0.048508860249461674
Best Validation at Epoch:7
MRR: 0

[ Epoch 8 ]
  - (Training)   loss:  7.49124, accuracy: 3.236 %, predected:5.708 %elapse: 21.313 min
  - ( Validation )) 
hits@10 0.07692727818891833
map@10 0.041245821949486706
hits@50 0.20832081706218084
map@50 0.04685992130207889
hits@100 0.2990933668314263
map@100 0.04814563278664134
Validation use time:  6.227958818276723 min
MRR: 0
  - (Test) 
hits@10 0.07932283081579161
map@10 0.04140860201909462
hits@50 0.21687788796714136
map@50 0.0473065086879313
hits@100 0.31256248817791227
map@100 0.04866102893940954
Best Validation at Epoch:8
MRR: 0
Epoch 00009: reducing learning rate of group 0 to 4.0000e-04.

[ Epoch 9 ]
  - (Training)   loss:  7.37063, accuracy: 3.460 %, predected:6.990 %elapse: 17.012 min
  - ( Validation )) 
hits@10 0.08170621808350856
map@10 0.04227777496026217
hits@50 0.21492940823069992
map@50 0.04799046720766097
hits@100 0.3073267975641061
map@100 0.049295488672391446
Validation use time:  6.221610756715139 min
MRR: 0
  - (Test) 
hits@10 0.08491636717377793
map@10 0.04294762874119484
hits@50 0.22611938281946659
map@50 0.049070197684407846
hits@100 0.32068257356716295
map@100 0.05040890245752376
Best Validation at Epoch:9
MRR: 0

[ Epoch 10 ]
  - (Training)   loss:  7.36997, accuracy: 3.515 %, predected:7.290 %elapse: 16.964 min
  - ( Validation )) 
hits@10 0.08111909118217318
map@10 0.04250583117359928
hits@50 0.21477921297686994
map@50 0.04827310506601409
hits@100 0.30813239028919415
map@100 0.04959473656312457
Validation use time:  6.213755019505819 min
MRR: 0
  - (Test) 
hits@10 0.0844705055800254
map@10 0.04284972255356239
hits@50 0.22563298835355472
map@50 0.0489171797197777
hits@100 0.32041235441943416
map@100 0.0502591953768561

[ Epoch 11 ]
  - (Training)   loss:  7.35978, accuracy: 3.569 %, predected:7.096 %elapse: 16.812 min
  - ( Validation )) 
hits@10 0.08165160162757039
map@10 0.04254696148282811
hits@50 0.21634943608509244
map@50 0.04835161293826647
hits@100 0.3084873972527923
map@100 0.04965808446691308
Validation use time:  6.200632345676422 min
MRR: 0
  - (Test) 
hits@10 0.08595671089253384
map@10 0.04415615707195679
hits@50 0.22776771962061232
map@50 0.05027476164808712
hits@100 0.32304699110979
map@100 0.0516188231096429
Best Validation at Epoch:11
MRR: 0

[ Epoch 12 ]
  - (Training)   loss:  7.34593, accuracy: 3.602 %, predected:7.265 %elapse: 16.878 min
  - ( Validation )) 
hits@10 0.08260738960648843
map@10 0.04338478766985827
hits@50 0.21583057975367978
map@50 0.049117280830910715
hits@100 0.30876047953248315
map@100 0.050434936304993086
Validation use time:  6.191964968045553 min
MRR: 0
  - (Test) 
hits@10 0.08618639716810333
map@10 0.04352665368756918
hits@50 0.22814602642743265
map@50 0.04969824485014551
hits@100 0.3230740130245629
map@100 0.05103139347645546

[ Epoch 13 ]
  - (Training)   loss:  7.33300, accuracy: 3.638 %, predected:7.421 %elapse: 16.925 min
  - ( Validation )) 
hits@10 0.08146044403178677
map@10 0.04270240706858309
hits@50 0.21591250443758706
map@50 0.04850801661153247
hits@100 0.30583849913979083
map@100 0.04978005076565384
Validation use time:  6.2032644311587015 min
MRR: 0
  - (Test) 
hits@10 0.08660523684708299
map@10 0.04348567045016365
hits@50 0.22580863079957847
map@50 0.0494800426466603
hits@100 0.322155267922285
map@100 0.0508447407406214

[ Epoch 14 ]
  - (Training)   loss:  7.31617, accuracy: 3.661 %, predected:7.441 %elapse: 16.659 min
  - ( Validation )) 
hits@10 0.08189737567929217
map@10 0.042797487382948474
hits@50 0.2151478740544526
map@50 0.04856935145792316
hits@100 0.3055517627461154
map@100 0.04985196756373083
Validation use time:  6.191006950537363 min
MRR: 0
  - (Test) 
hits@10 0.08564595887264571
map@10 0.043641732730959074
hits@50 0.22605182803253437
map@50 0.04974368434986696
hits@100 0.3226146404734239
map@100 0.05110877182893821

[ Epoch 15 ]
  - (Training)   loss:  7.30967, accuracy: 3.700 %, predected:7.475 %elapse: 16.828 min
  - ( Validation )) 
hits@10 0.08333105764766924
map@10 0.04359896761894358
hits@50 0.21735984051994867
map@50 0.04935632759674159
hits@100 0.30832354788497773
map@100 0.050643598191404106
Validation use time:  6.2070719480514525 min
MRR: 0
  - (Test) 
hits@10 0.0880509092874321
map@10 0.04413126903061241
hits@50 0.2284567784473208
map@50 0.05020764385681092
hits@100 0.3239387142972951
map@100 0.05155834579514077
Best Validation at Epoch:15
MRR: 0

[ Epoch 16 ]
  - (Training)   loss:  7.29502, accuracy: 3.739 %, predected:7.747 %elapse: 16.880 min
  - ( Validation )) 
hits@10 0.08158333105764767
map@10 0.043062788984987846
hits@50 0.2172779158360414
map@50 0.048912119326127476
hits@100 0.30805046560528687
map@100 0.05019625384877312
Validation use time:  6.212276939551035 min
MRR: 0
  - (Test) 
hits@10 0.08660523684708299
map@10 0.044070056887564386
hits@50 0.2268219526035615
map@50 0.05015654967525174
hits@100 0.3233307212149053
map@100 0.05151819547576312
Epoch 00017: reducing learning rate of group 0 to 1.6000e-04.

[ Epoch 17 ]
  - (Training)   loss:  7.23436, accuracy: 3.927 %, predected:8.370 %elapse: 16.902 min
  - ( Validation )) 
hits@10 0.08481935607198449
map@10 0.044377625978707376
hits@50 0.22126491711952812
map@50 0.050267941754230015
hits@100 0.3121603539146345
map@100 0.0515501936560534
Validation use time:  6.20178112188975 min
MRR: 0
  - (Test) 
hits@10 0.08952360364255411
map@10 0.04461945423452705
hits@50 0.2312670575837004
map@50 0.0507658375117706
hits@100 0.3266949496041289
map@100 0.05211385915766228
Best Validation at Epoch:17
MRR: 0

[ Epoch 18 ]
  - (Training)   loss:  7.24008, accuracy: 3.996 %, predected:8.630 %elapse: 16.869 min
  - ( Validation )) 
hits@10 0.08402741746088097
map@10 0.04384699568313266
hits@50 0.2205685573063164
map@50 0.04973207081304082
hits@100 0.3115732270132991
map@100 0.05101801587428584
Validation use time:  6.227930223941803 min
MRR: 0
  - (Test) 
hits@10 0.08838868322209312
map@10 0.0446432753391572
hits@50 0.23164536439052072
map@50 0.05088790732080841
hits@100 0.32726240981435945
map@100 0.052244214520768086
Best Validation at Epoch:18
MRR: 0

[ Epoch 19 ]
  - (Training)   loss:  7.24580, accuracy: 4.008 %, predected:8.681 %elapse: 17.120 min
  - ( Validation )) 
hits@10 0.08446434910838636
map@10 0.04418558520015415
hits@50 0.2190666047680166
map@50 0.04996631701911102
hits@100 0.3107949425161801
map@100 0.051271238060543414
Validation use time:  6.228250217437744 min
MRR: 0
  - (Test) 
hits@10 0.08882103385845921
map@10 0.04468389399517294
hits@50 0.23133461237063258
map@50 0.05091281757175904
hits@100 0.3276812494933391
map@100 0.05227883747223698
Best Validation at Epoch:19
MRR: 0

[ Epoch 20 ]
  - (Training)   loss:  7.24308, accuracy: 4.014 %, predected:8.661 %elapse: 17.214 min
  - ( Validation )) 
hits@10 0.08443704088041727
map@10 0.043924639910671734
hits@50 0.2189710259701248
map@50 0.04974870940982528
hits@100 0.3108632130861028
map@100 0.051047613430944765
Validation use time:  6.230041499932607 min
MRR: 0
  - (Test) 
hits@10 0.0882805955630016
map@10 0.04452020231264701
hits@50 0.23161834247574783
map@50 0.050768171267100745
hits@100 0.32584375928878323
map@100 0.05210435415656935

[ Epoch 21 ]
  - (Training)   loss:  7.23899, accuracy: 4.038 %, predected:8.766 %elapse: 17.142 min
  - ( Validation )) 
hits@10 0.08511974657964445
map@10 0.044190396649843956
hits@50 0.22033643736857916
map@50 0.04999704684917043
hits@100 0.31168245992517546
map@100 0.05128531216626221
Validation use time:  6.233379054069519 min
MRR: 0
  - (Test) 
hits@10 0.08878050098629989
map@10 0.0448864296801849
hits@50 0.23092928364903936
map@50 0.051090929092284874
hits@100 0.3263166427973086
map@100 0.05244274975488084

[ Epoch 22 ]
  - (Training)   loss:  7.23579, accuracy: 4.056 %, predected:8.738 %elapse: 17.208 min
  - ( Validation )) 
hits@10 0.08559764056910348
map@10 0.04458757965441656
hits@50 0.21998143040498103
map@50 0.050377917062409565
hits@100 0.3102214697288293
map@100 0.051655190728383434
Validation use time:  6.227584187189738 min
MRR: 0
  - (Test) 
hits@10 0.08934796119653039
map@10 0.04496908242584737
hits@50 0.23121301375415462
map@50 0.05114984343707119
hits@100 0.32750560704731535
map@100 0.05251470377788642
Best Validation at Epoch:22
MRR: 0

[ Epoch 23 ]
  - (Training)   loss:  7.23221, accuracy: 4.096 %, predected:8.807 %elapse: 17.177 min
  - ( Validation )) 
hits@10 0.08526994183347443
map@10 0.04424074890431156
hits@50 0.2193806493896611
map@50 0.05002242250270944
hits@100 0.3109451377700101
map@100 0.051315719795574165
Validation use time:  6.218953311443329 min
MRR: 0
  - (Test) 
hits@10 0.08899667630448294
map@10 0.04476728662659701
hits@50 0.2318750506660902
map@50 0.05099479708284472
hits@100 0.3272218769422001
map@100 0.05234830055600355

[ Epoch 24 ]
  - (Training)   loss:  7.22634, accuracy: 4.137 %, predected:8.814 %elapse: 16.928 min
  - ( Validation )) 
hits@10 0.08548840765722712
map@10 0.044566312830055674
hits@50 0.21966738578333653
map@50 0.05032678519816663
hits@100 0.3108905213140719
map@100 0.05161511095720612
Validation use time:  6.220051566759746 min
MRR: 0
  - (Test) 
hits@10 0.08878050098629989
map@10 0.04480411470845712
hits@50 0.2308076850325614
map@50 0.05098895308752129
hits@100 0.32750560704731535
map@100 0.052354895105734156
Epoch 00025: reducing learning rate of group 0 to 6.4000e-05.

[ Epoch 25 ]
  - (Training)   loss:  7.19192, accuracy: 4.253 %, predected:9.176 %elapse: 17.132 min
  - ( Validation )) 
hits@10 0.08577514405090254
map@10 0.04462261437704515
hits@50 0.2201589338867801
map@50 0.05045045136259388
hits@100 0.3115322646713455
map@100 0.05174209797387656
Validation use time:  6.225575025876363 min
MRR: 0
  - (Test) 
hits@10 0.09010457481017105
map@10 0.04515757636586131
hits@50 0.23192909449563595
map@50 0.05131125334915679
hits@100 0.32750560704731535
map@100 0.052666928699482043
Best Validation at Epoch:25
MRR: 0

[ Epoch 26 ]
  - (Training)   loss:  7.19535, accuracy: 4.267 %, predected:9.263 %elapse: 17.076 min
  - ( Validation )) 
hits@10 0.08569321936699528
map@10 0.04465389963662717
hits@50 0.22000873863295012
map@50 0.05045714926058088
hits@100 0.31095879188399467
map@100 0.05174405844805536
Validation use time:  6.230563898881276 min
MRR: 0
  - (Test) 
hits@10 0.09028021725619477
map@10 0.04522927022386585
hits@50 0.23184802875131733
map@50 0.05137952378464874
hits@100 0.3267219715189018
map@100 0.05272328020252655

[ Epoch 27 ]
  - (Training)   loss:  7.19633, accuracy: 4.242 %, predected:9.333 %elapse: 17.168 min
  - ( Validation )) 
hits@10 0.08552936999918076
map@10 0.04455631064973207
hits@50 0.22062317376225457
map@50 0.0503745661693349
hits@100 0.31136841530353093
map@100 0.05165853333066435
Validation use time:  6.22335744301478 min
MRR: 0
  - (Test) 
hits@10 0.08923987353743887
map@10 0.0451631308705646
hits@50 0.23229389034506986
map@50 0.051400267587611306
hits@100 0.3285864836382306
map@100 0.05276116864058974
Best Validation at Epoch:27
MRR: 0

[ Epoch 28 ]
  - (Training)   loss:  7.19757, accuracy: 4.287 %, predected:9.451 %elapse: 17.083 min
  - ( Validation )) 
hits@10 0.08619842158442338
map@10 0.044669851109472615
hits@50 0.22017258800076464
map@50 0.05043503454209641
hits@100 0.312174008028619
map@100 0.05173576098619714
Validation use time:  6.227905396620432 min
MRR: 0
  - (Test) 
hits@10 0.09017212959710325
map@10 0.04526847880774165
hits@50 0.23292890534223254
map@50 0.051465192716431164
hits@100 0.32839733023482043
map@100 0.05281890831889246
Best Validation at Epoch:28
MRR: 0

[ Epoch 29 ]
  - (Training)   loss:  7.19822, accuracy: 4.293 %, predected:9.472 %elapse: 17.188 min
  - ( Validation )) 
hits@10 0.08525628771948988
map@10 0.04452348659317719
hits@50 0.2203500914825637
map@50 0.05035468464073068
hits@100 0.31134110707556184
map@100 0.05164154240393772
Validation use time:  6.2078951875368755 min
MRR: 0
  - (Test) 
hits@10 0.08980733374766936
map@10 0.04516752193171519
hits@50 0.2320371821547275
map@50 0.05133024676724298
hits@100 0.3276136947064069
map@100 0.05268366351437134

[ Epoch 30 ]
  - (Training)   loss:  7.19701, accuracy: 4.303 %, predected:9.515 %elapse: 17.105 min
  - ( Validation )) 
hits@10 0.08587072284879434
map@10 0.044525285468511665
hits@50 0.22115568420765178
map@50 0.050342186320636126
hits@100 0.3114639941014228
map@100 0.051620027497682144
Validation use time:  6.222206135590871 min
MRR: 0
  - (Test) 
hits@10 0.0892533844948253
map@10 0.04542733978685286
hits@50 0.23172643013483935
map@50 0.05168060744193777
hits@100 0.32726240981435945
map@100 0.05303330223451672

[ Epoch 31 ]
  - (Training)   loss:  7.19674, accuracy: 4.331 %, predected:9.536 %elapse: 17.049 min
  - ( Validation )) 
hits@10 0.08588437696277888
map@10 0.044588506183579756
hits@50 0.22007700920287282
map@50 0.05036815657991602
hits@100 0.3110407165679019
map@100 0.05165293968284307
Validation use time:  6.216943629582723 min
MRR: 0
  - (Test) 
